<?xml version="1.0" encoding="UTF-8"?>
<testsuite name="com.liftoff.ecommerce.Controllers.ShoppingCartControllerIntegrationTest" tests="11" skipped="0" failures="0" errors="0" timestamp="2024-06-11T19:33:29" hostname="MovieDL" time="26.923">
  <properties/>
  <testcase name="testRemoveAllItemsFromCartByCustomerSuccess()" classname="com.liftoff.ecommerce.Controllers.ShoppingCartControllerIntegrationTest" time="0.317"/>
  <testcase name="testRemoveAllItemsFromCartByCustomerCartNotFound()" classname="com.liftoff.ecommerce.Controllers.ShoppingCartControllerIntegrationTest" time="0.205"/>
  <testcase name="testReturnAllCartsByCustomerCartNotFound()" classname="com.liftoff.ecommerce.Controllers.ShoppingCartControllerIntegrationTest" time="0.188"/>
  <testcase name="testReturnAllCartsSuccess()" classname="com.liftoff.ecommerce.Controllers.ShoppingCartControllerIntegrationTest" time="0.363"/>
  <testcase name="testReturnCartsByCustomerSuccess()" classname="com.liftoff.ecommerce.Controllers.ShoppingCartControllerIntegrationTest" time="0.32"/>
  <testcase name="testReturnAllCartsNotFound()" classname="com.liftoff.ecommerce.Controllers.ShoppingCartControllerIntegrationTest" time="0.122"/>
  <testcase name="addToCartTestSuccess()" classname="com.liftoff.ecommerce.Controllers.ShoppingCartControllerIntegrationTest" time="0.353"/>
  <testcase name="testRemoveItemFromCustomerCartTestCartNotFound()" classname="com.liftoff.ecommerce.Controllers.ShoppingCartControllerIntegrationTest" time="0.192"/>
  <testcase name="testUpdateCartQuantityCartNotFound()" classname="com.liftoff.ecommerce.Controllers.ShoppingCartControllerIntegrationTest" time="0.168"/>
  <testcase name="testUpdateCartQuantitySuccess()" classname="com.liftoff.ecommerce.Controllers.ShoppingCartControllerIntegrationTest" time="0.623"/>
  <testcase name="testRemoveItemFromCustomerCartSuccess()" classname="com.liftoff.ecommerce.Controllers.ShoppingCartControllerIntegrationTest" time="0.594"/>
  <system-out><![CDATA[2024-06-11T19:33:26.136Z  INFO 56431 --- [    Test worker] t.c.s.AnnotationConfigContextLoaderUtils : Could not detect default configuration classes for test class [com.liftoff.ecommerce.Controllers.ShoppingCartControllerIntegrationTest]: ShoppingCartControllerIntegrationTest does not declare any static, non-private, non-final, nested classes annotated with @Configuration.
2024-06-11T19:33:26.150Z  INFO 56431 --- [    Test worker] .b.t.c.SpringBootTestContextBootstrapper : Found @SpringBootConfiguration com.liftoff.ecommerce.ECommerceApp for test class com.liftoff.ecommerce.Controllers.ShoppingCartControllerIntegrationTest

  .   ____          _            __ _ _
 /\\ / ___'_ __ _ _(_)_ __  __ _ \ \ \ \
( ( )\___ | '_ | '_| | '_ \/ _` | \ \ \ \
 \\/  ___)| |_)| | | | | || (_| |  ) ) ) )
  '  |____| .__|_| |_|_| |_\__, | / / / /
 =========|_|==============|___/=/_/_/_/
 :: Spring Boot ::                (v3.0.5)

2024-06-11T19:33:26.246Z  INFO 56431 --- [    Test worker] .C.ShoppingCartControllerIntegrationTest : Starting ShoppingCartControllerIntegrationTest using Java 17.0.11 with PID 56431 (started by root in /root/backend/movieDL_backend)
2024-06-11T19:33:26.247Z  INFO 56431 --- [    Test worker] .C.ShoppingCartControllerIntegrationTest : No active profile set, falling back to 1 default profile: "default"
2024-06-11T19:33:26.786Z  INFO 56431 --- [    Test worker] .s.d.r.c.RepositoryConfigurationDelegate : Multiple Spring Data modules found, entering strict repository configuration mode
2024-06-11T19:33:26.787Z  INFO 56431 --- [    Test worker] .s.d.r.c.RepositoryConfigurationDelegate : Bootstrapping Spring Data JDBC repositories in DEFAULT mode.
2024-06-11T19:33:26.807Z  INFO 56431 --- [    Test worker] .RepositoryConfigurationExtensionSupport : Spring Data JDBC - Could not safely identify store assignment for repository candidate interface com.liftoff.ecommerce.Repositories.CompletedOrderRepository; If you want this repository to be a JDBC repository, consider annotating your entities with one of these annotations: org.springframework.data.relational.core.mapping.Table.
2024-06-11T19:33:26.810Z  INFO 56431 --- [    Test worker] .RepositoryConfigurationExtensionSupport : Spring Data JDBC - Could not safely identify store assignment for repository candidate interface com.liftoff.ecommerce.Repositories.CompletedOrderedItemRepository; If you want this repository to be a JDBC repository, consider annotating your entities with one of these annotations: org.springframework.data.relational.core.mapping.Table.
2024-06-11T19:33:26.812Z  INFO 56431 --- [    Test worker] .RepositoryConfigurationExtensionSupport : Spring Data JDBC - Could not safely identify store assignment for repository candidate interface com.liftoff.ecommerce.Repositories.CustomerRepository; If you want this repository to be a JDBC repository, consider annotating your entities with one of these annotations: org.springframework.data.relational.core.mapping.Table.
2024-06-11T19:33:26.812Z  INFO 56431 --- [    Test worker] .RepositoryConfigurationExtensionSupport : Spring Data JDBC - Could not safely identify store assignment for repository candidate interface com.liftoff.ecommerce.Repositories.GenreRepository; If you want this repository to be a JDBC repository, consider annotating your entities with one of these annotations: org.springframework.data.relational.core.mapping.Table.
2024-06-11T19:33:26.813Z  INFO 56431 --- [    Test worker] .RepositoryConfigurationExtensionSupport : Spring Data JDBC - Could not safely identify store assignment for repository candidate interface com.liftoff.ecommerce.Repositories.MovieRepository; If you want this repository to be a JDBC repository, consider annotating your entities with one of these annotations: org.springframework.data.relational.core.mapping.Table.
2024-06-11T19:33:26.815Z  INFO 56431 --- [    Test worker] .RepositoryConfigurationExtensionSupport : Spring Data JDBC - Could not safely identify store assignment for repository candidate interface com.liftoff.ecommerce.Repositories.ShoppingCartRepository; If you want this repository to be a JDBC repository, consider annotating your entities with one of these annotations: org.springframework.data.relational.core.mapping.Table.
2024-06-11T19:33:26.815Z  INFO 56431 --- [    Test worker] .s.d.r.c.RepositoryConfigurationDelegate : Finished Spring Data repository scanning in 27 ms. Found 0 JDBC repository interfaces.
2024-06-11T19:33:26.821Z  INFO 56431 --- [    Test worker] .s.d.r.c.RepositoryConfigurationDelegate : Multiple Spring Data modules found, entering strict repository configuration mode
2024-06-11T19:33:26.830Z  INFO 56431 --- [    Test worker] .s.d.r.c.RepositoryConfigurationDelegate : Bootstrapping Spring Data JPA repositories in DEFAULT mode.
2024-06-11T19:33:26.877Z  INFO 56431 --- [    Test worker] .s.d.r.c.RepositoryConfigurationDelegate : Finished Spring Data repository scanning in 43 ms. Found 6 JPA repository interfaces.
2024-06-11T19:33:27.240Z  INFO 56431 --- [    Test worker] o.s.b.w.embedded.tomcat.TomcatWebServer  : Tomcat initialized with port(s): 0 (http)
2024-06-11T19:33:27.246Z  INFO 56431 --- [    Test worker] o.apache.catalina.core.StandardService   : Starting service [Tomcat]
2024-06-11T19:33:27.249Z  INFO 56431 --- [    Test worker] o.apache.catalina.core.StandardEngine    : Starting Servlet engine: [Apache Tomcat/10.1.7]
2024-06-11T19:33:27.281Z  INFO 56431 --- [    Test worker] o.a.c.c.C.[Tomcat].[localhost].[/]       : Initializing Spring embedded WebApplicationContext
2024-06-11T19:33:27.284Z  INFO 56431 --- [    Test worker] w.s.c.ServletWebServerApplicationContext : Root WebApplicationContext: initialization completed in 1034 ms
2024-06-11T19:33:27.299Z  INFO 56431 --- [    Test worker] com.zaxxer.hikari.HikariDataSource       : HikariPool-11 - Starting...
2024-06-11T19:33:27.308Z  INFO 56431 --- [    Test worker] com.zaxxer.hikari.pool.HikariPool        : HikariPool-11 - Added connection conn100: url=jdbc:h2:mem:testdb user=SA
2024-06-11T19:33:27.309Z  INFO 56431 --- [    Test worker] com.zaxxer.hikari.HikariDataSource       : HikariPool-11 - Start completed.
2024-06-11T19:33:27.310Z  INFO 56431 --- [    Test worker] o.s.b.a.h2.H2ConsoleAutoConfiguration    : H2 console available at '/h2-console'. Database available at 'jdbc:h2:mem:testdb'
2024-06-11T19:33:27.445Z  INFO 56431 --- [    Test worker] o.hibernate.jpa.internal.util.LogHelper  : HHH000204: Processing PersistenceUnitInfo [name: default]
2024-06-11T19:33:27.475Z  INFO 56431 --- [    Test worker] SQL dialect                              : HHH000400: Using dialect: org.hibernate.dialect.H2Dialect
2024-06-11T19:33:28.142Z  INFO 56431 --- [    Test worker] o.h.e.t.j.p.i.JtaPlatformInitiator       : HHH000490: Using JtaPlatform implementation: [org.hibernate.engine.transaction.jta.platform.internal.NoJtaPlatform]
2024-06-11T19:33:28.143Z  INFO 56431 --- [    Test worker] j.LocalContainerEntityManagerFactoryBean : Initialized JPA EntityManagerFactory for persistence unit 'default'
2024-06-11T19:33:28.482Z  WARN 56431 --- [    Test worker] JpaBaseConfiguration$JpaWebConfiguration : spring.jpa.open-in-view is enabled by default. Therefore, database queries may be performed during view rendering. Explicitly configure spring.jpa.open-in-view to disable this warning
2024-06-11T19:33:28.725Z  INFO 56431 --- [    Test worker] o.s.s.web.DefaultSecurityFilterChain     : Will secure any request with [org.springframework.security.web.session.DisableEncodeUrlFilter@4ca09d93, org.springframework.security.web.context.request.async.WebAsyncManagerIntegrationFilter@1dac64c7, org.springframework.security.web.context.SecurityContextHolderFilter@79cda8cc, org.springframework.security.web.header.HeaderWriterFilter@1ed6dae3, org.springframework.web.filter.CorsFilter@29d76031, org.springframework.security.web.authentication.logout.LogoutFilter@76583ecb, org.springframework.security.web.authentication.UsernamePasswordAuthenticationFilter@6ccb009b, org.springframework.security.web.authentication.ui.DefaultLoginPageGeneratingFilter@70323ee1, org.springframework.security.web.authentication.ui.DefaultLogoutPageGeneratingFilter@64653709, com.liftoff.ecommerce.filter.JWTTokenValidatorFilter@2ce17213, com.liftoff.ecommerce.filter.AuthoritiesLoggingAtFilter@5295b114, org.springframework.security.web.authentication.www.BasicAuthenticationFilter@5b52d5af, com.liftoff.ecommerce.filter.AuthoritiesLoggingAfterFilter@40d1859f, com.liftoff.ecommerce.filter.JWTTokenGeneratorFilter@d413ff3, org.springframework.security.web.savedrequest.RequestCacheAwareFilter@29976e1b, org.springframework.security.web.servletapi.SecurityContextHolderAwareRequestFilter@13ea808, org.springframework.security.web.authentication.AnonymousAuthenticationFilter@2a97b5a2, org.springframework.security.web.session.SessionManagementFilter@53e45335, org.springframework.security.web.access.ExceptionTranslationFilter@6d57bbbd, org.springframework.security.web.access.intercept.AuthorizationFilter@63f6557d]
2024-06-11T19:33:28.737Z  WARN 56431 --- [    Test worker] o.s.s.c.a.web.builders.WebSecurity       : 

********************************************************************
**********        Security debugging is enabled.       *************
**********    This may include sensitive information.  *************
**********      Do not use in a production system!     *************
********************************************************************


2024-06-11T19:33:29.073Z  INFO 56431 --- [    Test worker] o.a.c.c.C.[Tomcat].[localhost].[/]       : Initializing Spring TestDispatcherServlet ''
2024-06-11T19:33:29.079Z  INFO 56431 --- [    Test worker] o.s.t.web.servlet.TestDispatcherServlet  : Initializing Servlet ''
2024-06-11T19:33:29.081Z  INFO 56431 --- [    Test worker] o.s.t.web.servlet.TestDispatcherServlet  : Completed initialization in 1 ms
2024-06-11T19:33:29.152Z  INFO 56431 --- [    Test worker] o.s.b.w.embedded.tomcat.TomcatWebServer  : Tomcat started on port(s): 44893 (http) with context path ''
2024-06-11T19:33:29.163Z  INFO 56431 --- [    Test worker] .C.ShoppingCartControllerIntegrationTest : Started ShoppingCartControllerIntegrationTest in 2.999 seconds (process running for 92.921)
2024-06-11T19:33:29.293Z  INFO 56431 --- [    Test worker] Spring Security Debugger                 : 

************************************************************

Request received for DELETE '/cart/deleteAll/john@example.com':

org.springframework.mock.web.MockHttpServletRequest@322f95f2

servletPath:
pathInfo:/cart/deleteAll/john@example.com
headers: 
Accept: application/json


Security filter chain: [
  DisableEncodeUrlFilter
  WebAsyncManagerIntegrationFilter
  SecurityContextHolderFilter
  HeaderWriterFilter
  CorsFilter
  LogoutFilter
  UsernamePasswordAuthenticationFilter
  DefaultLoginPageGeneratingFilter
  DefaultLogoutPageGeneratingFilter
  JWTTokenValidatorFilter
  AuthoritiesLoggingAtFilter
  BasicAuthenticationFilter
  AuthoritiesLoggingAfterFilter
  JWTTokenGeneratorFilter
  RequestCacheAwareFilter
  SecurityContextHolderAwareRequestFilter
  AnonymousAuthenticationFilter
  SessionManagementFilter
  ExceptionTranslationFilter
  AuthorizationFilter
]


************************************************************


2024-06-11T19:33:29.308Z  INFO 56431 --- [    Test worker] c.l.e.filter.AuthoritiesLoggingAtFilter  : Authentication Validation is in progress
2024-06-11T19:33:29.451Z  INFO 56431 --- [    Test worker] o.apache.catalina.core.StandardService   : Stopping service [Tomcat]
2024-06-11T19:33:29.470Z  INFO 56431 --- [    Test worker] j.LocalContainerEntityManagerFactoryBean : Closing JPA EntityManagerFactory for persistence unit 'default'
2024-06-11T19:33:29.471Z  INFO 56431 --- [    Test worker] .SchemaDropperImpl$DelayedDropActionImpl : HHH000477: Starting delayed evictData of schema as part of SessionFactory shut-down'
2024-06-11T19:33:29.491Z  INFO 56431 --- [    Test worker] com.zaxxer.hikari.HikariDataSource       : HikariPool-11 - Shutdown initiated...
2024-06-11T19:33:29.502Z  INFO 56431 --- [    Test worker] com.zaxxer.hikari.HikariDataSource       : HikariPool-11 - Shutdown completed.

  .   ____          _            __ _ _
 /\\ / ___'_ __ _ _(_)_ __  __ _ \ \ \ \
( ( )\___ | '_ | '_| | '_ \/ _` | \ \ \ \
 \\/  ___)| |_)| | | | | || (_| |  ) ) ) )
  '  |____| .__|_| |_|_| |_\__, | / / / /
 =========|_|==============|___/=/_/_/_/
 :: Spring Boot ::                (v3.0.5)

2024-06-11T19:33:29.577Z  INFO 56431 --- [    Test worker] .C.ShoppingCartControllerIntegrationTest : Starting ShoppingCartControllerIntegrationTest using Java 17.0.11 with PID 56431 (started by root in /root/backend/movieDL_backend)
2024-06-11T19:33:29.582Z  INFO 56431 --- [    Test worker] .C.ShoppingCartControllerIntegrationTest : No active profile set, falling back to 1 default profile: "default"
2024-06-11T19:33:30.150Z  INFO 56431 --- [    Test worker] .s.d.r.c.RepositoryConfigurationDelegate : Multiple Spring Data modules found, entering strict repository configuration mode
2024-06-11T19:33:30.151Z  INFO 56431 --- [    Test worker] .s.d.r.c.RepositoryConfigurationDelegate : Bootstrapping Spring Data JDBC repositories in DEFAULT mode.
2024-06-11T19:33:30.169Z  INFO 56431 --- [    Test worker] .RepositoryConfigurationExtensionSupport : Spring Data JDBC - Could not safely identify store assignment for repository candidate interface com.liftoff.ecommerce.Repositories.CompletedOrderRepository; If you want this repository to be a JDBC repository, consider annotating your entities with one of these annotations: org.springframework.data.relational.core.mapping.Table.
2024-06-11T19:33:30.171Z  INFO 56431 --- [    Test worker] .RepositoryConfigurationExtensionSupport : Spring Data JDBC - Could not safely identify store assignment for repository candidate interface com.liftoff.ecommerce.Repositories.CompletedOrderedItemRepository; If you want this repository to be a JDBC repository, consider annotating your entities with one of these annotations: org.springframework.data.relational.core.mapping.Table.
2024-06-11T19:33:30.174Z  INFO 56431 --- [    Test worker] .RepositoryConfigurationExtensionSupport : Spring Data JDBC - Could not safely identify store assignment for repository candidate interface com.liftoff.ecommerce.Repositories.CustomerRepository; If you want this repository to be a JDBC repository, consider annotating your entities with one of these annotations: org.springframework.data.relational.core.mapping.Table.
2024-06-11T19:33:30.175Z  INFO 56431 --- [    Test worker] .RepositoryConfigurationExtensionSupport : Spring Data JDBC - Could not safely identify store assignment for repository candidate interface com.liftoff.ecommerce.Repositories.GenreRepository; If you want this repository to be a JDBC repository, consider annotating your entities with one of these annotations: org.springframework.data.relational.core.mapping.Table.
2024-06-11T19:33:30.175Z  INFO 56431 --- [    Test worker] .RepositoryConfigurationExtensionSupport : Spring Data JDBC - Could not safely identify store assignment for repository candidate interface com.liftoff.ecommerce.Repositories.MovieRepository; If you want this repository to be a JDBC repository, consider annotating your entities with one of these annotations: org.springframework.data.relational.core.mapping.Table.
2024-06-11T19:33:30.181Z  INFO 56431 --- [    Test worker] .RepositoryConfigurationExtensionSupport : Spring Data JDBC - Could not safely identify store assignment for repository candidate interface com.liftoff.ecommerce.Repositories.ShoppingCartRepository; If you want this repository to be a JDBC repository, consider annotating your entities with one of these annotations: org.springframework.data.relational.core.mapping.Table.
2024-06-11T19:33:30.182Z  INFO 56431 --- [    Test worker] .s.d.r.c.RepositoryConfigurationDelegate : Finished Spring Data repository scanning in 29 ms. Found 0 JDBC repository interfaces.
2024-06-11T19:33:30.187Z  INFO 56431 --- [    Test worker] .s.d.r.c.RepositoryConfigurationDelegate : Multiple Spring Data modules found, entering strict repository configuration mode
2024-06-11T19:33:30.191Z  INFO 56431 --- [    Test worker] .s.d.r.c.RepositoryConfigurationDelegate : Bootstrapping Spring Data JPA repositories in DEFAULT mode.
2024-06-11T19:33:30.239Z  INFO 56431 --- [    Test worker] .s.d.r.c.RepositoryConfigurationDelegate : Finished Spring Data repository scanning in 47 ms. Found 6 JPA repository interfaces.
2024-06-11T19:33:30.553Z  INFO 56431 --- [    Test worker] o.s.b.w.embedded.tomcat.TomcatWebServer  : Tomcat initialized with port(s): 0 (http)
2024-06-11T19:33:30.559Z  INFO 56431 --- [    Test worker] o.apache.catalina.core.StandardService   : Starting service [Tomcat]
2024-06-11T19:33:30.560Z  INFO 56431 --- [    Test worker] o.apache.catalina.core.StandardEngine    : Starting Servlet engine: [Apache Tomcat/10.1.7]
2024-06-11T19:33:30.591Z  INFO 56431 --- [    Test worker] o.a.c.c.C.[Tomcat].[localhost].[/]       : Initializing Spring embedded WebApplicationContext
2024-06-11T19:33:30.592Z  INFO 56431 --- [    Test worker] w.s.c.ServletWebServerApplicationContext : Root WebApplicationContext: initialization completed in 1003 ms
2024-06-11T19:33:30.611Z  INFO 56431 --- [    Test worker] com.zaxxer.hikari.HikariDataSource       : HikariPool-12 - Starting...
2024-06-11T19:33:30.618Z  INFO 56431 --- [    Test worker] com.zaxxer.hikari.pool.HikariPool        : HikariPool-12 - Added connection conn110: url=jdbc:h2:mem:testdb user=SA
2024-06-11T19:33:30.619Z  INFO 56431 --- [    Test worker] com.zaxxer.hikari.HikariDataSource       : HikariPool-12 - Start completed.
2024-06-11T19:33:30.620Z  INFO 56431 --- [    Test worker] o.s.b.a.h2.H2ConsoleAutoConfiguration    : H2 console available at '/h2-console'. Database available at 'jdbc:h2:mem:testdb'
2024-06-11T19:33:30.730Z  INFO 56431 --- [    Test worker] o.hibernate.jpa.internal.util.LogHelper  : HHH000204: Processing PersistenceUnitInfo [name: default]
2024-06-11T19:33:30.751Z  INFO 56431 --- [    Test worker] SQL dialect                              : HHH000400: Using dialect: org.hibernate.dialect.H2Dialect
2024-06-11T19:33:31.351Z  INFO 56431 --- [    Test worker] o.h.e.t.j.p.i.JtaPlatformInitiator       : HHH000490: Using JtaPlatform implementation: [org.hibernate.engine.transaction.jta.platform.internal.NoJtaPlatform]
2024-06-11T19:33:31.358Z  INFO 56431 --- [    Test worker] j.LocalContainerEntityManagerFactoryBean : Initialized JPA EntityManagerFactory for persistence unit 'default'
2024-06-11T19:33:31.698Z  WARN 56431 --- [    Test worker] JpaBaseConfiguration$JpaWebConfiguration : spring.jpa.open-in-view is enabled by default. Therefore, database queries may be performed during view rendering. Explicitly configure spring.jpa.open-in-view to disable this warning
2024-06-11T19:33:31.962Z  INFO 56431 --- [    Test worker] o.s.s.web.DefaultSecurityFilterChain     : Will secure any request with [org.springframework.security.web.session.DisableEncodeUrlFilter@53652663, org.springframework.security.web.context.request.async.WebAsyncManagerIntegrationFilter@6aacdc6a, org.springframework.security.web.context.SecurityContextHolderFilter@3162d3ca, org.springframework.security.web.header.HeaderWriterFilter@5e4d5559, org.springframework.web.filter.CorsFilter@3c107a01, org.springframework.security.web.authentication.logout.LogoutFilter@127448ab, org.springframework.security.web.authentication.UsernamePasswordAuthenticationFilter@7fa539ff, org.springframework.security.web.authentication.ui.DefaultLoginPageGeneratingFilter@b5102d3, org.springframework.security.web.authentication.ui.DefaultLogoutPageGeneratingFilter@5366f3b4, com.liftoff.ecommerce.filter.JWTTokenValidatorFilter@29ca8185, com.liftoff.ecommerce.filter.AuthoritiesLoggingAtFilter@2589475a, org.springframework.security.web.authentication.www.BasicAuthenticationFilter@4f2407b0, com.liftoff.ecommerce.filter.AuthoritiesLoggingAfterFilter@1a76f198, com.liftoff.ecommerce.filter.JWTTokenGeneratorFilter@7e695a31, org.springframework.security.web.savedrequest.RequestCacheAwareFilter@530da9bb, org.springframework.security.web.servletapi.SecurityContextHolderAwareRequestFilter@67dec91e, org.springframework.security.web.authentication.AnonymousAuthenticationFilter@3d22ad0, org.springframework.security.web.session.SessionManagementFilter@75c32402, org.springframework.security.web.access.ExceptionTranslationFilter@660091ac, org.springframework.security.web.access.intercept.AuthorizationFilter@b738f5]
2024-06-11T19:33:31.973Z  WARN 56431 --- [    Test worker] o.s.s.c.a.web.builders.WebSecurity       : 

********************************************************************
**********        Security debugging is enabled.       *************
**********    This may include sensitive information.  *************
**********      Do not use in a production system!     *************
********************************************************************


2024-06-11T19:33:32.284Z  INFO 56431 --- [    Test worker] o.a.c.c.C.[Tomcat].[localhost].[/]       : Initializing Spring TestDispatcherServlet ''
2024-06-11T19:33:32.287Z  INFO 56431 --- [    Test worker] o.s.t.web.servlet.TestDispatcherServlet  : Initializing Servlet ''
2024-06-11T19:33:32.289Z  INFO 56431 --- [    Test worker] o.s.t.web.servlet.TestDispatcherServlet  : Completed initialization in 1 ms
2024-06-11T19:33:32.351Z  INFO 56431 --- [    Test worker] o.s.b.w.embedded.tomcat.TomcatWebServer  : Tomcat started on port(s): 34831 (http) with context path ''
2024-06-11T19:33:32.356Z  INFO 56431 --- [    Test worker] .C.ShoppingCartControllerIntegrationTest : Started ShoppingCartControllerIntegrationTest in 2.845 seconds (process running for 96.114)
2024-06-11T19:33:32.436Z  INFO 56431 --- [    Test worker] Spring Security Debugger                 : 

************************************************************

Request received for DELETE '/cart/deleteAll/john@example.com':

org.springframework.mock.web.MockHttpServletRequest@d569e9e

servletPath:
pathInfo:/cart/deleteAll/john@example.com
headers: 
Accept: application/json


Security filter chain: [
  DisableEncodeUrlFilter
  WebAsyncManagerIntegrationFilter
  SecurityContextHolderFilter
  HeaderWriterFilter
  CorsFilter
  LogoutFilter
  UsernamePasswordAuthenticationFilter
  DefaultLoginPageGeneratingFilter
  DefaultLogoutPageGeneratingFilter
  JWTTokenValidatorFilter
  AuthoritiesLoggingAtFilter
  BasicAuthenticationFilter
  AuthoritiesLoggingAfterFilter
  JWTTokenGeneratorFilter
  RequestCacheAwareFilter
  SecurityContextHolderAwareRequestFilter
  AnonymousAuthenticationFilter
  SessionManagementFilter
  ExceptionTranslationFilter
  AuthorizationFilter
]


************************************************************


2024-06-11T19:33:32.446Z  INFO 56431 --- [    Test worker] c.l.e.filter.AuthoritiesLoggingAtFilter  : Authentication Validation is in progress
2024-06-11T19:33:32.523Z  INFO 56431 --- [    Test worker] o.apache.catalina.core.StandardService   : Stopping service [Tomcat]
2024-06-11T19:33:32.544Z  INFO 56431 --- [    Test worker] j.LocalContainerEntityManagerFactoryBean : Closing JPA EntityManagerFactory for persistence unit 'default'
2024-06-11T19:33:32.545Z  INFO 56431 --- [    Test worker] .SchemaDropperImpl$DelayedDropActionImpl : HHH000477: Starting delayed evictData of schema as part of SessionFactory shut-down'
2024-06-11T19:33:32.568Z  INFO 56431 --- [    Test worker] com.zaxxer.hikari.HikariDataSource       : HikariPool-12 - Shutdown initiated...
2024-06-11T19:33:32.575Z  INFO 56431 --- [    Test worker] com.zaxxer.hikari.HikariDataSource       : HikariPool-12 - Shutdown completed.

  .   ____          _            __ _ _
 /\\ / ___'_ __ _ _(_)_ __  __ _ \ \ \ \
( ( )\___ | '_ | '_| | '_ \/ _` | \ \ \ \
 \\/  ___)| |_)| | | | | || (_| |  ) ) ) )
  '  |____| .__|_| |_|_| |_\__, | / / / /
 =========|_|==============|___/=/_/_/_/
 :: Spring Boot ::                (v3.0.5)

2024-06-11T19:33:32.647Z  INFO 56431 --- [    Test worker] .C.ShoppingCartControllerIntegrationTest : Starting ShoppingCartControllerIntegrationTest using Java 17.0.11 with PID 56431 (started by root in /root/backend/movieDL_backend)
2024-06-11T19:33:32.669Z  INFO 56431 --- [    Test worker] .C.ShoppingCartControllerIntegrationTest : No active profile set, falling back to 1 default profile: "default"
2024-06-11T19:33:33.018Z  INFO 56431 --- [    Test worker] .s.d.r.c.RepositoryConfigurationDelegate : Multiple Spring Data modules found, entering strict repository configuration mode
2024-06-11T19:33:33.026Z  INFO 56431 --- [    Test worker] .s.d.r.c.RepositoryConfigurationDelegate : Bootstrapping Spring Data JDBC repositories in DEFAULT mode.
2024-06-11T19:33:33.032Z  INFO 56431 --- [    Test worker] .RepositoryConfigurationExtensionSupport : Spring Data JDBC - Could not safely identify store assignment for repository candidate interface com.liftoff.ecommerce.Repositories.CompletedOrderRepository; If you want this repository to be a JDBC repository, consider annotating your entities with one of these annotations: org.springframework.data.relational.core.mapping.Table.
2024-06-11T19:33:33.036Z  INFO 56431 --- [    Test worker] .RepositoryConfigurationExtensionSupport : Spring Data JDBC - Could not safely identify store assignment for repository candidate interface com.liftoff.ecommerce.Repositories.CompletedOrderedItemRepository; If you want this repository to be a JDBC repository, consider annotating your entities with one of these annotations: org.springframework.data.relational.core.mapping.Table.
2024-06-11T19:33:33.037Z  INFO 56431 --- [    Test worker] .RepositoryConfigurationExtensionSupport : Spring Data JDBC - Could not safely identify store assignment for repository candidate interface com.liftoff.ecommerce.Repositories.CustomerRepository; If you want this repository to be a JDBC repository, consider annotating your entities with one of these annotations: org.springframework.data.relational.core.mapping.Table.
2024-06-11T19:33:33.037Z  INFO 56431 --- [    Test worker] .RepositoryConfigurationExtensionSupport : Spring Data JDBC - Could not safely identify store assignment for repository candidate interface com.liftoff.ecommerce.Repositories.GenreRepository; If you want this repository to be a JDBC repository, consider annotating your entities with one of these annotations: org.springframework.data.relational.core.mapping.Table.
2024-06-11T19:33:33.037Z  INFO 56431 --- [    Test worker] .RepositoryConfigurationExtensionSupport : Spring Data JDBC - Could not safely identify store assignment for repository candidate interface com.liftoff.ecommerce.Repositories.MovieRepository; If you want this repository to be a JDBC repository, consider annotating your entities with one of these annotations: org.springframework.data.relational.core.mapping.Table.
2024-06-11T19:33:33.038Z  INFO 56431 --- [    Test worker] .RepositoryConfigurationExtensionSupport : Spring Data JDBC - Could not safely identify store assignment for repository candidate interface com.liftoff.ecommerce.Repositories.ShoppingCartRepository; If you want this repository to be a JDBC repository, consider annotating your entities with one of these annotations: org.springframework.data.relational.core.mapping.Table.
2024-06-11T19:33:33.038Z  INFO 56431 --- [    Test worker] .s.d.r.c.RepositoryConfigurationDelegate : Finished Spring Data repository scanning in 11 ms. Found 0 JDBC repository interfaces.
2024-06-11T19:33:33.044Z  INFO 56431 --- [    Test worker] .s.d.r.c.RepositoryConfigurationDelegate : Multiple Spring Data modules found, entering strict repository configuration mode
2024-06-11T19:33:33.046Z  INFO 56431 --- [    Test worker] .s.d.r.c.RepositoryConfigurationDelegate : Bootstrapping Spring Data JPA repositories in DEFAULT mode.
2024-06-11T19:33:33.072Z  INFO 56431 --- [    Test worker] .s.d.r.c.RepositoryConfigurationDelegate : Finished Spring Data repository scanning in 25 ms. Found 6 JPA repository interfaces.
2024-06-11T19:33:33.303Z  INFO 56431 --- [    Test worker] o.s.b.w.embedded.tomcat.TomcatWebServer  : Tomcat initialized with port(s): 0 (http)
2024-06-11T19:33:33.304Z  INFO 56431 --- [    Test worker] o.apache.catalina.core.StandardService   : Starting service [Tomcat]
2024-06-11T19:33:33.309Z  INFO 56431 --- [    Test worker] o.apache.catalina.core.StandardEngine    : Starting Servlet engine: [Apache Tomcat/10.1.7]
2024-06-11T19:33:33.340Z  INFO 56431 --- [    Test worker] o.a.c.c.C.[Tomcat].[localhost].[/]       : Initializing Spring embedded WebApplicationContext
2024-06-11T19:33:33.341Z  INFO 56431 --- [    Test worker] w.s.c.ServletWebServerApplicationContext : Root WebApplicationContext: initialization completed in 668 ms
2024-06-11T19:33:33.354Z  INFO 56431 --- [    Test worker] com.zaxxer.hikari.HikariDataSource       : HikariPool-13 - Starting...
2024-06-11T19:33:33.360Z  INFO 56431 --- [    Test worker] com.zaxxer.hikari.pool.HikariPool        : HikariPool-13 - Added connection conn120: url=jdbc:h2:mem:testdb user=SA
2024-06-11T19:33:33.361Z  INFO 56431 --- [    Test worker] com.zaxxer.hikari.HikariDataSource       : HikariPool-13 - Start completed.
2024-06-11T19:33:33.362Z  INFO 56431 --- [    Test worker] o.s.b.a.h2.H2ConsoleAutoConfiguration    : H2 console available at '/h2-console'. Database available at 'jdbc:h2:mem:testdb'
2024-06-11T19:33:33.470Z  INFO 56431 --- [    Test worker] o.hibernate.jpa.internal.util.LogHelper  : HHH000204: Processing PersistenceUnitInfo [name: default]
2024-06-11T19:33:33.487Z  INFO 56431 --- [    Test worker] SQL dialect                              : HHH000400: Using dialect: org.hibernate.dialect.H2Dialect
2024-06-11T19:33:33.986Z  INFO 56431 --- [    Test worker] o.h.e.t.j.p.i.JtaPlatformInitiator       : HHH000490: Using JtaPlatform implementation: [org.hibernate.engine.transaction.jta.platform.internal.NoJtaPlatform]
2024-06-11T19:33:33.987Z  INFO 56431 --- [    Test worker] j.LocalContainerEntityManagerFactoryBean : Initialized JPA EntityManagerFactory for persistence unit 'default'
2024-06-11T19:33:34.524Z  WARN 56431 --- [    Test worker] JpaBaseConfiguration$JpaWebConfiguration : spring.jpa.open-in-view is enabled by default. Therefore, database queries may be performed during view rendering. Explicitly configure spring.jpa.open-in-view to disable this warning
2024-06-11T19:33:34.696Z  INFO 56431 --- [    Test worker] o.s.s.web.DefaultSecurityFilterChain     : Will secure any request with [org.springframework.security.web.session.DisableEncodeUrlFilter@2fda7985, org.springframework.security.web.context.request.async.WebAsyncManagerIntegrationFilter@3ef2d350, org.springframework.security.web.context.SecurityContextHolderFilter@55b69154, org.springframework.security.web.header.HeaderWriterFilter@6fde69d2, org.springframework.web.filter.CorsFilter@4cd4da4e, org.springframework.security.web.authentication.logout.LogoutFilter@34acb2c, org.springframework.security.web.authentication.UsernamePasswordAuthenticationFilter@52840a1a, org.springframework.security.web.authentication.ui.DefaultLoginPageGeneratingFilter@452dbee8, org.springframework.security.web.authentication.ui.DefaultLogoutPageGeneratingFilter@5ec287d9, com.liftoff.ecommerce.filter.JWTTokenValidatorFilter@2228cbd5, com.liftoff.ecommerce.filter.AuthoritiesLoggingAtFilter@ae8e493, org.springframework.security.web.authentication.www.BasicAuthenticationFilter@7c2a8cd, com.liftoff.ecommerce.filter.AuthoritiesLoggingAfterFilter@6084492a, com.liftoff.ecommerce.filter.JWTTokenGeneratorFilter@2a32f6ac, org.springframework.security.web.savedrequest.RequestCacheAwareFilter@349271e3, org.springframework.security.web.servletapi.SecurityContextHolderAwareRequestFilter@281e0e5a, org.springframework.security.web.authentication.AnonymousAuthenticationFilter@4ea0e65c, org.springframework.security.web.session.SessionManagementFilter@6c802bca, org.springframework.security.web.access.ExceptionTranslationFilter@23384fbe, org.springframework.security.web.access.intercept.AuthorizationFilter@738c56b8]
2024-06-11T19:33:34.698Z  WARN 56431 --- [    Test worker] o.s.s.c.a.web.builders.WebSecurity       : 

********************************************************************
**********        Security debugging is enabled.       *************
**********    This may include sensitive information.  *************
**********      Do not use in a production system!     *************
********************************************************************


2024-06-11T19:33:34.908Z  INFO 56431 --- [    Test worker] o.a.c.c.C.[Tomcat].[localhost].[/]       : Initializing Spring TestDispatcherServlet ''
2024-06-11T19:33:34.910Z  INFO 56431 --- [    Test worker] o.s.t.web.servlet.TestDispatcherServlet  : Initializing Servlet ''
2024-06-11T19:33:34.913Z  INFO 56431 --- [    Test worker] o.s.t.web.servlet.TestDispatcherServlet  : Completed initialization in 1 ms
2024-06-11T19:33:34.991Z  INFO 56431 --- [    Test worker] o.s.b.w.embedded.tomcat.TomcatWebServer  : Tomcat started on port(s): 35419 (http) with context path ''
2024-06-11T19:33:34.994Z  INFO 56431 --- [    Test worker] .C.ShoppingCartControllerIntegrationTest : Started ShoppingCartControllerIntegrationTest in 2.412 seconds (process running for 98.752)
2024-06-11T19:33:35.093Z  INFO 56431 --- [    Test worker] Spring Security Debugger                 : 

************************************************************

Request received for GET '/cart/returnAll/john@example.com':

org.springframework.mock.web.MockHttpServletRequest@2a435705

servletPath:
pathInfo:/cart/returnAll/john@example.com
headers: 


Security filter chain: [
  DisableEncodeUrlFilter
  WebAsyncManagerIntegrationFilter
  SecurityContextHolderFilter
  HeaderWriterFilter
  CorsFilter
  LogoutFilter
  UsernamePasswordAuthenticationFilter
  DefaultLoginPageGeneratingFilter
  DefaultLogoutPageGeneratingFilter
  JWTTokenValidatorFilter
  AuthoritiesLoggingAtFilter
  BasicAuthenticationFilter
  AuthoritiesLoggingAfterFilter
  JWTTokenGeneratorFilter
  RequestCacheAwareFilter
  SecurityContextHolderAwareRequestFilter
  AnonymousAuthenticationFilter
  SessionManagementFilter
  ExceptionTranslationFilter
  AuthorizationFilter
]


************************************************************


2024-06-11T19:33:35.106Z  INFO 56431 --- [    Test worker] c.l.e.filter.AuthoritiesLoggingAtFilter  : Authentication Validation is in progress

MockHttpServletRequest:
      HTTP Method = GET
      Request URI = /cart/returnAll/john@example.com
       Parameters = {}
          Headers = []
             Body = null
    Session Attrs = {}

Handler:
             Type = com.liftoff.ecommerce.Controllers.ShoppingCartController
           Method = com.liftoff.ecommerce.Controllers.ShoppingCartController#returnCartsByCustomer(String)

Async:
    Async started = false
     Async result = null

Resolved Exception:
             Type = null

ModelAndView:
        View name = null
             View = null
            Model = null

FlashMap:
       Attributes = null

MockHttpServletResponse:
           Status = 404
    Error message = null
          Headers = [Vary:"Origin", "Access-Control-Request-Method", "Access-Control-Request-Headers", Content-Disposition:"inline;filename=f.txt", Content-Type:"text/plain;charset=UTF-8", Content-Length:"42", X-Content-Type-Options:"nosniff", X-XSS-Protection:"0", Cache-Control:"no-cache, no-store, max-age=0, must-revalidate", Pragma:"no-cache", Expires:"0", X-Frame-Options:"DENY"]
     Content type = text/plain;charset=UTF-8
             Body = No carts matching your criteria were found
    Forwarded URL = null
   Redirected URL = null
          Cookies = []
2024-06-11T19:33:35.173Z  INFO 56431 --- [    Test worker] o.apache.catalina.core.StandardService   : Stopping service [Tomcat]
2024-06-11T19:33:35.184Z  INFO 56431 --- [    Test worker] j.LocalContainerEntityManagerFactoryBean : Closing JPA EntityManagerFactory for persistence unit 'default'
2024-06-11T19:33:35.184Z  INFO 56431 --- [    Test worker] .SchemaDropperImpl$DelayedDropActionImpl : HHH000477: Starting delayed evictData of schema as part of SessionFactory shut-down'
2024-06-11T19:33:35.193Z  INFO 56431 --- [    Test worker] com.zaxxer.hikari.HikariDataSource       : HikariPool-13 - Shutdown initiated...
2024-06-11T19:33:35.201Z  INFO 56431 --- [    Test worker] com.zaxxer.hikari.HikariDataSource       : HikariPool-13 - Shutdown completed.

  .   ____          _            __ _ _
 /\\ / ___'_ __ _ _(_)_ __  __ _ \ \ \ \
( ( )\___ | '_ | '_| | '_ \/ _` | \ \ \ \
 \\/  ___)| |_)| | | | | || (_| |  ) ) ) )
  '  |____| .__|_| |_|_| |_\__, | / / / /
 =========|_|==============|___/=/_/_/_/
 :: Spring Boot ::                (v3.0.5)

2024-06-11T19:33:35.244Z  INFO 56431 --- [    Test worker] .C.ShoppingCartControllerIntegrationTest : Starting ShoppingCartControllerIntegrationTest using Java 17.0.11 with PID 56431 (started by root in /root/backend/movieDL_backend)
2024-06-11T19:33:35.244Z  INFO 56431 --- [    Test worker] .C.ShoppingCartControllerIntegrationTest : No active profile set, falling back to 1 default profile: "default"
2024-06-11T19:33:35.623Z  INFO 56431 --- [    Test worker] .s.d.r.c.RepositoryConfigurationDelegate : Multiple Spring Data modules found, entering strict repository configuration mode
2024-06-11T19:33:35.627Z  INFO 56431 --- [    Test worker] .s.d.r.c.RepositoryConfigurationDelegate : Bootstrapping Spring Data JDBC repositories in DEFAULT mode.
2024-06-11T19:33:35.638Z  INFO 56431 --- [    Test worker] .RepositoryConfigurationExtensionSupport : Spring Data JDBC - Could not safely identify store assignment for repository candidate interface com.liftoff.ecommerce.Repositories.CompletedOrderRepository; If you want this repository to be a JDBC repository, consider annotating your entities with one of these annotations: org.springframework.data.relational.core.mapping.Table.
2024-06-11T19:33:35.641Z  INFO 56431 --- [    Test worker] .RepositoryConfigurationExtensionSupport : Spring Data JDBC - Could not safely identify store assignment for repository candidate interface com.liftoff.ecommerce.Repositories.CompletedOrderedItemRepository; If you want this repository to be a JDBC repository, consider annotating your entities with one of these annotations: org.springframework.data.relational.core.mapping.Table.
2024-06-11T19:33:35.641Z  INFO 56431 --- [    Test worker] .RepositoryConfigurationExtensionSupport : Spring Data JDBC - Could not safely identify store assignment for repository candidate interface com.liftoff.ecommerce.Repositories.CustomerRepository; If you want this repository to be a JDBC repository, consider annotating your entities with one of these annotations: org.springframework.data.relational.core.mapping.Table.
2024-06-11T19:33:35.642Z  INFO 56431 --- [    Test worker] .RepositoryConfigurationExtensionSupport : Spring Data JDBC - Could not safely identify store assignment for repository candidate interface com.liftoff.ecommerce.Repositories.GenreRepository; If you want this repository to be a JDBC repository, consider annotating your entities with one of these annotations: org.springframework.data.relational.core.mapping.Table.
2024-06-11T19:33:35.642Z  INFO 56431 --- [    Test worker] .RepositoryConfigurationExtensionSupport : Spring Data JDBC - Could not safely identify store assignment for repository candidate interface com.liftoff.ecommerce.Repositories.MovieRepository; If you want this repository to be a JDBC repository, consider annotating your entities with one of these annotations: org.springframework.data.relational.core.mapping.Table.
2024-06-11T19:33:35.643Z  INFO 56431 --- [    Test worker] .RepositoryConfigurationExtensionSupport : Spring Data JDBC - Could not safely identify store assignment for repository candidate interface com.liftoff.ecommerce.Repositories.ShoppingCartRepository; If you want this repository to be a JDBC repository, consider annotating your entities with one of these annotations: org.springframework.data.relational.core.mapping.Table.
2024-06-11T19:33:35.644Z  INFO 56431 --- [    Test worker] .s.d.r.c.RepositoryConfigurationDelegate : Finished Spring Data repository scanning in 16 ms. Found 0 JDBC repository interfaces.
2024-06-11T19:33:35.653Z  INFO 56431 --- [    Test worker] .s.d.r.c.RepositoryConfigurationDelegate : Multiple Spring Data modules found, entering strict repository configuration mode
2024-06-11T19:33:35.657Z  INFO 56431 --- [    Test worker] .s.d.r.c.RepositoryConfigurationDelegate : Bootstrapping Spring Data JPA repositories in DEFAULT mode.
2024-06-11T19:33:35.685Z  INFO 56431 --- [    Test worker] .s.d.r.c.RepositoryConfigurationDelegate : Finished Spring Data repository scanning in 27 ms. Found 6 JPA repository interfaces.
2024-06-11T19:33:35.889Z  INFO 56431 --- [    Test worker] o.s.b.w.embedded.tomcat.TomcatWebServer  : Tomcat initialized with port(s): 0 (http)
2024-06-11T19:33:35.898Z  INFO 56431 --- [    Test worker] o.apache.catalina.core.StandardService   : Starting service [Tomcat]
2024-06-11T19:33:35.899Z  INFO 56431 --- [    Test worker] o.apache.catalina.core.StandardEngine    : Starting Servlet engine: [Apache Tomcat/10.1.7]
2024-06-11T19:33:35.921Z  INFO 56431 --- [    Test worker] o.a.c.c.C.[Tomcat].[localhost].[/]       : Initializing Spring embedded WebApplicationContext
2024-06-11T19:33:35.922Z  INFO 56431 --- [    Test worker] w.s.c.ServletWebServerApplicationContext : Root WebApplicationContext: initialization completed in 676 ms
2024-06-11T19:33:35.937Z  INFO 56431 --- [    Test worker] com.zaxxer.hikari.HikariDataSource       : HikariPool-14 - Starting...
2024-06-11T19:33:35.946Z  INFO 56431 --- [    Test worker] com.zaxxer.hikari.pool.HikariPool        : HikariPool-14 - Added connection conn130: url=jdbc:h2:mem:testdb user=SA
2024-06-11T19:33:35.947Z  INFO 56431 --- [    Test worker] com.zaxxer.hikari.HikariDataSource       : HikariPool-14 - Start completed.
2024-06-11T19:33:35.947Z  INFO 56431 --- [    Test worker] o.s.b.a.h2.H2ConsoleAutoConfiguration    : H2 console available at '/h2-console'. Database available at 'jdbc:h2:mem:testdb'
2024-06-11T19:33:36.032Z  INFO 56431 --- [    Test worker] o.hibernate.jpa.internal.util.LogHelper  : HHH000204: Processing PersistenceUnitInfo [name: default]
2024-06-11T19:33:36.050Z  INFO 56431 --- [    Test worker] SQL dialect                              : HHH000400: Using dialect: org.hibernate.dialect.H2Dialect
2024-06-11T19:33:36.467Z  INFO 56431 --- [    Test worker] o.h.e.t.j.p.i.JtaPlatformInitiator       : HHH000490: Using JtaPlatform implementation: [org.hibernate.engine.transaction.jta.platform.internal.NoJtaPlatform]
2024-06-11T19:33:36.471Z  INFO 56431 --- [    Test worker] j.LocalContainerEntityManagerFactoryBean : Initialized JPA EntityManagerFactory for persistence unit 'default'
2024-06-11T19:33:36.674Z  WARN 56431 --- [    Test worker] JpaBaseConfiguration$JpaWebConfiguration : spring.jpa.open-in-view is enabled by default. Therefore, database queries may be performed during view rendering. Explicitly configure spring.jpa.open-in-view to disable this warning
2024-06-11T19:33:36.803Z  INFO 56431 --- [    Test worker] o.s.s.web.DefaultSecurityFilterChain     : Will secure any request with [org.springframework.security.web.session.DisableEncodeUrlFilter@a0994aa, org.springframework.security.web.context.request.async.WebAsyncManagerIntegrationFilter@81947d7, org.springframework.security.web.context.SecurityContextHolderFilter@5ed956c8, org.springframework.security.web.header.HeaderWriterFilter@6b08b51e, org.springframework.web.filter.CorsFilter@47ac7945, org.springframework.security.web.authentication.logout.LogoutFilter@24ec45e9, org.springframework.security.web.authentication.UsernamePasswordAuthenticationFilter@6cd475c4, org.springframework.security.web.authentication.ui.DefaultLoginPageGeneratingFilter@6ec856bf, org.springframework.security.web.authentication.ui.DefaultLogoutPageGeneratingFilter@60ef736c, com.liftoff.ecommerce.filter.JWTTokenValidatorFilter@2605171f, com.liftoff.ecommerce.filter.AuthoritiesLoggingAtFilter@6460cbf7, org.springframework.security.web.authentication.www.BasicAuthenticationFilter@2ad1b6ba, com.liftoff.ecommerce.filter.AuthoritiesLoggingAfterFilter@4022f06f, com.liftoff.ecommerce.filter.JWTTokenGeneratorFilter@5b4d9f14, org.springframework.security.web.savedrequest.RequestCacheAwareFilter@eca196e, org.springframework.security.web.servletapi.SecurityContextHolderAwareRequestFilter@2044fdec, org.springframework.security.web.authentication.AnonymousAuthenticationFilter@55fec68d, org.springframework.security.web.session.SessionManagementFilter@34af5db6, org.springframework.security.web.access.ExceptionTranslationFilter@36fcc7ea, org.springframework.security.web.access.intercept.AuthorizationFilter@f91a07c]
2024-06-11T19:33:36.808Z  WARN 56431 --- [    Test worker] o.s.s.c.a.web.builders.WebSecurity       : 

********************************************************************
**********        Security debugging is enabled.       *************
**********    This may include sensitive information.  *************
**********      Do not use in a production system!     *************
********************************************************************


2024-06-11T19:33:36.982Z  INFO 56431 --- [    Test worker] o.a.c.c.C.[Tomcat].[localhost].[/]       : Initializing Spring TestDispatcherServlet ''
2024-06-11T19:33:36.986Z  INFO 56431 --- [    Test worker] o.s.t.web.servlet.TestDispatcherServlet  : Initializing Servlet ''
2024-06-11T19:33:36.987Z  INFO 56431 --- [    Test worker] o.s.t.web.servlet.TestDispatcherServlet  : Completed initialization in 0 ms
2024-06-11T19:33:37.032Z  INFO 56431 --- [    Test worker] o.s.b.w.embedded.tomcat.TomcatWebServer  : Tomcat started on port(s): 39567 (http) with context path ''
2024-06-11T19:33:37.037Z  INFO 56431 --- [    Test worker] .C.ShoppingCartControllerIntegrationTest : Started ShoppingCartControllerIntegrationTest in 1.833 seconds (process running for 100.795)
2024-06-11T19:33:37.129Z  INFO 56431 --- [    Test worker] Spring Security Debugger                 : 

************************************************************

Request received for GET '/cart/returnAllCarts':

org.springframework.mock.web.MockHttpServletRequest@463e034e

servletPath:
pathInfo:/cart/returnAllCarts
headers: 


Security filter chain: [
  DisableEncodeUrlFilter
  WebAsyncManagerIntegrationFilter
  SecurityContextHolderFilter
  HeaderWriterFilter
  CorsFilter
  LogoutFilter
  UsernamePasswordAuthenticationFilter
  DefaultLoginPageGeneratingFilter
  DefaultLogoutPageGeneratingFilter
  JWTTokenValidatorFilter
  AuthoritiesLoggingAtFilter
  BasicAuthenticationFilter
  AuthoritiesLoggingAfterFilter
  JWTTokenGeneratorFilter
  RequestCacheAwareFilter
  SecurityContextHolderAwareRequestFilter
  AnonymousAuthenticationFilter
  SessionManagementFilter
  ExceptionTranslationFilter
  AuthorizationFilter
]


************************************************************


2024-06-11T19:33:37.143Z  INFO 56431 --- [    Test worker] c.l.e.filter.AuthoritiesLoggingAtFilter  : Authentication Validation is in progress

MockHttpServletRequest:
      HTTP Method = GET
      Request URI = /cart/returnAllCarts
       Parameters = {}
          Headers = []
             Body = null
    Session Attrs = {}

Handler:
             Type = com.liftoff.ecommerce.Controllers.ShoppingCartController
           Method = com.liftoff.ecommerce.Controllers.ShoppingCartController#returnAllCarts()

Async:
    Async started = false
     Async result = null

Resolved Exception:
             Type = null

ModelAndView:
        View name = null
             View = null
            Model = null

FlashMap:
       Attributes = null

MockHttpServletResponse:
           Status = 200
    Error message = null
          Headers = [Vary:"Origin", "Access-Control-Request-Method", "Access-Control-Request-Headers", Content-Type:"application/json", X-Content-Type-Options:"nosniff", X-XSS-Protection:"0", Cache-Control:"no-cache, no-store, max-age=0, must-revalidate", Pragma:"no-cache", Expires:"0", X-Frame-Options:"DENY"]
     Content type = application/json
             Body = [{"cartId":1,"customer":{"id":1,"firstName":"John","lastName":"Doe","email":"john@example.com","mobileNumber":"123-456-7890","streetAddress":"123 Main St.","suiteNumber":"1","city":"St. Louis","state":"MO","zipCode":12345,"createDt":null},"movieId":1,"quantity":1,"totalPrice":null},{"cartId":2,"customer":{"id":1,"firstName":"John","lastName":"Doe","email":"john@example.com","mobileNumber":"123-456-7890","streetAddress":"123 Main St.","suiteNumber":"1","city":"St. Louis","state":"MO","zipCode":12345,"createDt":null},"movieId":2,"quantity":2,"totalPrice":null},{"cartId":3,"customer":{"id":2,"firstName":"Jane","lastName":"Doe","email":"jane@example.com","mobileNumber":"123-456-7890","streetAddress":"123 Main St.","suiteNumber":"1","city":"St. Louis","state":"MO","zipCode":12345,"createDt":null},"movieId":3,"quantity":3,"totalPrice":null}]
    Forwarded URL = null
   Redirected URL = null
          Cookies = []
2024-06-11T19:33:37.210Z  INFO 56431 --- [    Test worker] Spring Security Debugger                 : 

************************************************************

Request received for GET '/cart/returnAllCarts':

org.springframework.mock.web.MockHttpServletRequest@575a272e

servletPath:
pathInfo:/cart/returnAllCarts
headers: 


Security filter chain: [
  DisableEncodeUrlFilter
  WebAsyncManagerIntegrationFilter
  SecurityContextHolderFilter
  HeaderWriterFilter
  CorsFilter
  LogoutFilter
  UsernamePasswordAuthenticationFilter
  DefaultLoginPageGeneratingFilter
  DefaultLogoutPageGeneratingFilter
  JWTTokenValidatorFilter
  AuthoritiesLoggingAtFilter
  BasicAuthenticationFilter
  AuthoritiesLoggingAfterFilter
  JWTTokenGeneratorFilter
  RequestCacheAwareFilter
  SecurityContextHolderAwareRequestFilter
  AnonymousAuthenticationFilter
  SessionManagementFilter
  ExceptionTranslationFilter
  AuthorizationFilter
]


************************************************************


2024-06-11T19:33:37.218Z  INFO 56431 --- [    Test worker] c.l.e.filter.AuthoritiesLoggingAtFilter  : Authentication Validation is in progress
2024-06-11T19:33:37.267Z  INFO 56431 --- [    Test worker] Spring Security Debugger                 : 

************************************************************

Request received for GET '/cart/returnAllCarts':

org.springframework.mock.web.MockHttpServletRequest@2377aefe

servletPath:
pathInfo:/cart/returnAllCarts
headers: 


Security filter chain: [
  DisableEncodeUrlFilter
  WebAsyncManagerIntegrationFilter
  SecurityContextHolderFilter
  HeaderWriterFilter
  CorsFilter
  LogoutFilter
  UsernamePasswordAuthenticationFilter
  DefaultLoginPageGeneratingFilter
  DefaultLogoutPageGeneratingFilter
  JWTTokenValidatorFilter
  AuthoritiesLoggingAtFilter
  BasicAuthenticationFilter
  AuthoritiesLoggingAfterFilter
  JWTTokenGeneratorFilter
  RequestCacheAwareFilter
  SecurityContextHolderAwareRequestFilter
  AnonymousAuthenticationFilter
  SessionManagementFilter
  ExceptionTranslationFilter
  AuthorizationFilter
]


************************************************************


2024-06-11T19:33:37.275Z  INFO 56431 --- [    Test worker] c.l.e.filter.AuthoritiesLoggingAtFilter  : Authentication Validation is in progress
2024-06-11T19:33:37.318Z  INFO 56431 --- [    Test worker] Spring Security Debugger                 : 

************************************************************

Request received for GET '/cart/returnAllCarts':

org.springframework.mock.web.MockHttpServletRequest@d89c237

servletPath:
pathInfo:/cart/returnAllCarts
headers: 


Security filter chain: [
  DisableEncodeUrlFilter
  WebAsyncManagerIntegrationFilter
  SecurityContextHolderFilter
  HeaderWriterFilter
  CorsFilter
  LogoutFilter
  UsernamePasswordAuthenticationFilter
  DefaultLoginPageGeneratingFilter
  DefaultLogoutPageGeneratingFilter
  JWTTokenValidatorFilter
  AuthoritiesLoggingAtFilter
  BasicAuthenticationFilter
  AuthoritiesLoggingAfterFilter
  JWTTokenGeneratorFilter
  RequestCacheAwareFilter
  SecurityContextHolderAwareRequestFilter
  AnonymousAuthenticationFilter
  SessionManagementFilter
  ExceptionTranslationFilter
  AuthorizationFilter
]


************************************************************


2024-06-11T19:33:37.321Z  INFO 56431 --- [    Test worker] c.l.e.filter.AuthoritiesLoggingAtFilter  : Authentication Validation is in progress
2024-06-11T19:33:37.371Z  INFO 56431 --- [    Test worker] o.apache.catalina.core.StandardService   : Stopping service [Tomcat]
2024-06-11T19:33:37.385Z  INFO 56431 --- [    Test worker] j.LocalContainerEntityManagerFactoryBean : Closing JPA EntityManagerFactory for persistence unit 'default'
2024-06-11T19:33:37.386Z  INFO 56431 --- [    Test worker] .SchemaDropperImpl$DelayedDropActionImpl : HHH000477: Starting delayed evictData of schema as part of SessionFactory shut-down'
2024-06-11T19:33:37.401Z  INFO 56431 --- [    Test worker] com.zaxxer.hikari.HikariDataSource       : HikariPool-14 - Shutdown initiated...
2024-06-11T19:33:37.409Z  INFO 56431 --- [    Test worker] com.zaxxer.hikari.HikariDataSource       : HikariPool-14 - Shutdown completed.

  .   ____          _            __ _ _
 /\\ / ___'_ __ _ _(_)_ __  __ _ \ \ \ \
( ( )\___ | '_ | '_| | '_ \/ _` | \ \ \ \
 \\/  ___)| |_)| | | | | || (_| |  ) ) ) )
  '  |____| .__|_| |_|_| |_\__, | / / / /
 =========|_|==============|___/=/_/_/_/
 :: Spring Boot ::                (v3.0.5)

2024-06-11T19:33:37.459Z  INFO 56431 --- [    Test worker] .C.ShoppingCartControllerIntegrationTest : Starting ShoppingCartControllerIntegrationTest using Java 17.0.11 with PID 56431 (started by root in /root/backend/movieDL_backend)
2024-06-11T19:33:37.459Z  INFO 56431 --- [    Test worker] .C.ShoppingCartControllerIntegrationTest : No active profile set, falling back to 1 default profile: "default"
2024-06-11T19:33:37.736Z  INFO 56431 --- [    Test worker] .s.d.r.c.RepositoryConfigurationDelegate : Multiple Spring Data modules found, entering strict repository configuration mode
2024-06-11T19:33:37.741Z  INFO 56431 --- [    Test worker] .s.d.r.c.RepositoryConfigurationDelegate : Bootstrapping Spring Data JDBC repositories in DEFAULT mode.
2024-06-11T19:33:37.748Z  INFO 56431 --- [    Test worker] .RepositoryConfigurationExtensionSupport : Spring Data JDBC - Could not safely identify store assignment for repository candidate interface com.liftoff.ecommerce.Repositories.CompletedOrderRepository; If you want this repository to be a JDBC repository, consider annotating your entities with one of these annotations: org.springframework.data.relational.core.mapping.Table.
2024-06-11T19:33:37.750Z  INFO 56431 --- [    Test worker] .RepositoryConfigurationExtensionSupport : Spring Data JDBC - Could not safely identify store assignment for repository candidate interface com.liftoff.ecommerce.Repositories.CompletedOrderedItemRepository; If you want this repository to be a JDBC repository, consider annotating your entities with one of these annotations: org.springframework.data.relational.core.mapping.Table.
2024-06-11T19:33:37.758Z  INFO 56431 --- [    Test worker] .RepositoryConfigurationExtensionSupport : Spring Data JDBC - Could not safely identify store assignment for repository candidate interface com.liftoff.ecommerce.Repositories.CustomerRepository; If you want this repository to be a JDBC repository, consider annotating your entities with one of these annotations: org.springframework.data.relational.core.mapping.Table.
2024-06-11T19:33:37.763Z  INFO 56431 --- [    Test worker] .RepositoryConfigurationExtensionSupport : Spring Data JDBC - Could not safely identify store assignment for repository candidate interface com.liftoff.ecommerce.Repositories.GenreRepository; If you want this repository to be a JDBC repository, consider annotating your entities with one of these annotations: org.springframework.data.relational.core.mapping.Table.
2024-06-11T19:33:37.765Z  INFO 56431 --- [    Test worker] .RepositoryConfigurationExtensionSupport : Spring Data JDBC - Could not safely identify store assignment for repository candidate interface com.liftoff.ecommerce.Repositories.MovieRepository; If you want this repository to be a JDBC repository, consider annotating your entities with one of these annotations: org.springframework.data.relational.core.mapping.Table.
2024-06-11T19:33:37.765Z  INFO 56431 --- [    Test worker] .RepositoryConfigurationExtensionSupport : Spring Data JDBC - Could not safely identify store assignment for repository candidate interface com.liftoff.ecommerce.Repositories.ShoppingCartRepository; If you want this repository to be a JDBC repository, consider annotating your entities with one of these annotations: org.springframework.data.relational.core.mapping.Table.
2024-06-11T19:33:37.765Z  INFO 56431 --- [    Test worker] .s.d.r.c.RepositoryConfigurationDelegate : Finished Spring Data repository scanning in 23 ms. Found 0 JDBC repository interfaces.
2024-06-11T19:33:37.768Z  INFO 56431 --- [    Test worker] .s.d.r.c.RepositoryConfigurationDelegate : Multiple Spring Data modules found, entering strict repository configuration mode
2024-06-11T19:33:37.768Z  INFO 56431 --- [    Test worker] .s.d.r.c.RepositoryConfigurationDelegate : Bootstrapping Spring Data JPA repositories in DEFAULT mode.
2024-06-11T19:33:37.804Z  INFO 56431 --- [    Test worker] .s.d.r.c.RepositoryConfigurationDelegate : Finished Spring Data repository scanning in 36 ms. Found 6 JPA repository interfaces.
2024-06-11T19:33:38.024Z  INFO 56431 --- [    Test worker] o.s.b.w.embedded.tomcat.TomcatWebServer  : Tomcat initialized with port(s): 0 (http)
2024-06-11T19:33:38.025Z  INFO 56431 --- [    Test worker] o.apache.catalina.core.StandardService   : Starting service [Tomcat]
2024-06-11T19:33:38.026Z  INFO 56431 --- [    Test worker] o.apache.catalina.core.StandardEngine    : Starting Servlet engine: [Apache Tomcat/10.1.7]
2024-06-11T19:33:38.046Z  INFO 56431 --- [    Test worker] o.a.c.c.C.[Tomcat].[localhost].[/]       : Initializing Spring embedded WebApplicationContext
2024-06-11T19:33:38.047Z  INFO 56431 --- [    Test worker] w.s.c.ServletWebServerApplicationContext : Root WebApplicationContext: initialization completed in 580 ms
2024-06-11T19:33:38.058Z  INFO 56431 --- [    Test worker] com.zaxxer.hikari.HikariDataSource       : HikariPool-15 - Starting...
2024-06-11T19:33:38.070Z  INFO 56431 --- [    Test worker] com.zaxxer.hikari.pool.HikariPool        : HikariPool-15 - Added connection conn140: url=jdbc:h2:mem:testdb user=SA
2024-06-11T19:33:38.071Z  INFO 56431 --- [    Test worker] com.zaxxer.hikari.HikariDataSource       : HikariPool-15 - Start completed.
2024-06-11T19:33:38.071Z  INFO 56431 --- [    Test worker] o.s.b.a.h2.H2ConsoleAutoConfiguration    : H2 console available at '/h2-console'. Database available at 'jdbc:h2:mem:testdb'
2024-06-11T19:33:38.137Z  INFO 56431 --- [    Test worker] o.hibernate.jpa.internal.util.LogHelper  : HHH000204: Processing PersistenceUnitInfo [name: default]
2024-06-11T19:33:38.147Z  INFO 56431 --- [    Test worker] SQL dialect                              : HHH000400: Using dialect: org.hibernate.dialect.H2Dialect
2024-06-11T19:33:38.447Z  INFO 56431 --- [    Test worker] o.h.e.t.j.p.i.JtaPlatformInitiator       : HHH000490: Using JtaPlatform implementation: [org.hibernate.engine.transaction.jta.platform.internal.NoJtaPlatform]
2024-06-11T19:33:38.450Z  INFO 56431 --- [    Test worker] j.LocalContainerEntityManagerFactoryBean : Initialized JPA EntityManagerFactory for persistence unit 'default'
2024-06-11T19:33:38.644Z  WARN 56431 --- [    Test worker] JpaBaseConfiguration$JpaWebConfiguration : spring.jpa.open-in-view is enabled by default. Therefore, database queries may be performed during view rendering. Explicitly configure spring.jpa.open-in-view to disable this warning
2024-06-11T19:33:38.776Z  INFO 56431 --- [    Test worker] o.s.s.web.DefaultSecurityFilterChain     : Will secure any request with [org.springframework.security.web.session.DisableEncodeUrlFilter@599de793, org.springframework.security.web.context.request.async.WebAsyncManagerIntegrationFilter@279ffe5d, org.springframework.security.web.context.SecurityContextHolderFilter@3100b920, org.springframework.security.web.header.HeaderWriterFilter@74e5a644, org.springframework.web.filter.CorsFilter@3890ad05, org.springframework.security.web.authentication.logout.LogoutFilter@49b636a1, org.springframework.security.web.authentication.UsernamePasswordAuthenticationFilter@42aba76c, org.springframework.security.web.authentication.ui.DefaultLoginPageGeneratingFilter@2b0def7, org.springframework.security.web.authentication.ui.DefaultLogoutPageGeneratingFilter@66bcd03, com.liftoff.ecommerce.filter.JWTTokenValidatorFilter@30fc0322, com.liftoff.ecommerce.filter.AuthoritiesLoggingAtFilter@68496e76, org.springframework.security.web.authentication.www.BasicAuthenticationFilter@3ad082a6, com.liftoff.ecommerce.filter.AuthoritiesLoggingAfterFilter@558c1eff, com.liftoff.ecommerce.filter.JWTTokenGeneratorFilter@d57c298, org.springframework.security.web.savedrequest.RequestCacheAwareFilter@6952caca, org.springframework.security.web.servletapi.SecurityContextHolderAwareRequestFilter@30dc9622, org.springframework.security.web.authentication.AnonymousAuthenticationFilter@5de22503, org.springframework.security.web.session.SessionManagementFilter@7558e0de, org.springframework.security.web.access.ExceptionTranslationFilter@66b7d7b5, org.springframework.security.web.access.intercept.AuthorizationFilter@19cce603]
2024-06-11T19:33:38.784Z  WARN 56431 --- [    Test worker] o.s.s.c.a.web.builders.WebSecurity       : 

********************************************************************
**********        Security debugging is enabled.       *************
**********    This may include sensitive information.  *************
**********      Do not use in a production system!     *************
********************************************************************


2024-06-11T19:33:38.959Z  INFO 56431 --- [    Test worker] o.a.c.c.C.[Tomcat].[localhost].[/]       : Initializing Spring TestDispatcherServlet ''
2024-06-11T19:33:38.962Z  INFO 56431 --- [    Test worker] o.s.t.web.servlet.TestDispatcherServlet  : Initializing Servlet ''
2024-06-11T19:33:38.963Z  INFO 56431 --- [    Test worker] o.s.t.web.servlet.TestDispatcherServlet  : Completed initialization in 1 ms
2024-06-11T19:33:39.010Z  INFO 56431 --- [    Test worker] o.s.b.w.embedded.tomcat.TomcatWebServer  : Tomcat started on port(s): 34143 (http) with context path ''
2024-06-11T19:33:39.018Z  INFO 56431 --- [    Test worker] .C.ShoppingCartControllerIntegrationTest : Started ShoppingCartControllerIntegrationTest in 1.604 seconds (process running for 102.776)
2024-06-11T19:33:39.109Z  INFO 56431 --- [    Test worker] Spring Security Debugger                 : 

************************************************************

Request received for GET '/cart/returnAll/john@example.com':

org.springframework.mock.web.MockHttpServletRequest@3bcccc57

servletPath:
pathInfo:/cart/returnAll/john@example.com
headers: 


Security filter chain: [
  DisableEncodeUrlFilter
  WebAsyncManagerIntegrationFilter
  SecurityContextHolderFilter
  HeaderWriterFilter
  CorsFilter
  LogoutFilter
  UsernamePasswordAuthenticationFilter
  DefaultLoginPageGeneratingFilter
  DefaultLogoutPageGeneratingFilter
  JWTTokenValidatorFilter
  AuthoritiesLoggingAtFilter
  BasicAuthenticationFilter
  AuthoritiesLoggingAfterFilter
  JWTTokenGeneratorFilter
  RequestCacheAwareFilter
  SecurityContextHolderAwareRequestFilter
  AnonymousAuthenticationFilter
  SessionManagementFilter
  ExceptionTranslationFilter
  AuthorizationFilter
]


************************************************************


2024-06-11T19:33:39.113Z  INFO 56431 --- [    Test worker] c.l.e.filter.AuthoritiesLoggingAtFilter  : Authentication Validation is in progress

MockHttpServletRequest:
      HTTP Method = GET
      Request URI = /cart/returnAll/john@example.com
       Parameters = {}
          Headers = []
             Body = null
    Session Attrs = {}

Handler:
             Type = com.liftoff.ecommerce.Controllers.ShoppingCartController
           Method = com.liftoff.ecommerce.Controllers.ShoppingCartController#returnCartsByCustomer(String)

Async:
    Async started = false
     Async result = null

Resolved Exception:
             Type = null

ModelAndView:
        View name = null
             View = null
            Model = null

FlashMap:
       Attributes = null

MockHttpServletResponse:
           Status = 200
    Error message = null
          Headers = [Vary:"Origin", "Access-Control-Request-Method", "Access-Control-Request-Headers", Content-Disposition:"inline;filename=f.txt", Content-Type:"application/json", X-Content-Type-Options:"nosniff", X-XSS-Protection:"0", Cache-Control:"no-cache, no-store, max-age=0, must-revalidate", Pragma:"no-cache", Expires:"0", X-Frame-Options:"DENY"]
     Content type = application/json
             Body = [{"cartId":1,"customer":{"id":1,"firstName":"John","lastName":"Doe","email":"john@example.com","mobileNumber":"123-456-7890","streetAddress":"123 Main St.","suiteNumber":"1","city":"St. Louis","state":"MO","zipCode":12345,"createDt":null},"movieId":1,"quantity":1,"totalPrice":null},{"cartId":2,"customer":{"id":1,"firstName":"John","lastName":"Doe","email":"john@example.com","mobileNumber":"123-456-7890","streetAddress":"123 Main St.","suiteNumber":"1","city":"St. Louis","state":"MO","zipCode":12345,"createDt":null},"movieId":2,"quantity":2,"totalPrice":null}]
    Forwarded URL = null
   Redirected URL = null
          Cookies = []
2024-06-11T19:33:39.189Z  INFO 56431 --- [    Test worker] Spring Security Debugger                 : 

************************************************************

Request received for GET '/cart/returnAll/john@example.com':

org.springframework.mock.web.MockHttpServletRequest@4681630

servletPath:
pathInfo:/cart/returnAll/john@example.com
headers: 


Security filter chain: [
  DisableEncodeUrlFilter
  WebAsyncManagerIntegrationFilter
  SecurityContextHolderFilter
  HeaderWriterFilter
  CorsFilter
  LogoutFilter
  UsernamePasswordAuthenticationFilter
  DefaultLoginPageGeneratingFilter
  DefaultLogoutPageGeneratingFilter
  JWTTokenValidatorFilter
  AuthoritiesLoggingAtFilter
  BasicAuthenticationFilter
  AuthoritiesLoggingAfterFilter
  JWTTokenGeneratorFilter
  RequestCacheAwareFilter
  SecurityContextHolderAwareRequestFilter
  AnonymousAuthenticationFilter
  SessionManagementFilter
  ExceptionTranslationFilter
  AuthorizationFilter
]


************************************************************


2024-06-11T19:33:39.193Z  INFO 56431 --- [    Test worker] c.l.e.filter.AuthoritiesLoggingAtFilter  : Authentication Validation is in progress
2024-06-11T19:33:39.241Z  INFO 56431 --- [    Test worker] Spring Security Debugger                 : 

************************************************************

Request received for GET '/cart/returnAll/john@example.com':

org.springframework.mock.web.MockHttpServletRequest@5dd1c785

servletPath:
pathInfo:/cart/returnAll/john@example.com
headers: 


Security filter chain: [
  DisableEncodeUrlFilter
  WebAsyncManagerIntegrationFilter
  SecurityContextHolderFilter
  HeaderWriterFilter
  CorsFilter
  LogoutFilter
  UsernamePasswordAuthenticationFilter
  DefaultLoginPageGeneratingFilter
  DefaultLogoutPageGeneratingFilter
  JWTTokenValidatorFilter
  AuthoritiesLoggingAtFilter
  BasicAuthenticationFilter
  AuthoritiesLoggingAfterFilter
  JWTTokenGeneratorFilter
  RequestCacheAwareFilter
  SecurityContextHolderAwareRequestFilter
  AnonymousAuthenticationFilter
  SessionManagementFilter
  ExceptionTranslationFilter
  AuthorizationFilter
]


************************************************************


2024-06-11T19:33:39.251Z  INFO 56431 --- [    Test worker] c.l.e.filter.AuthoritiesLoggingAtFilter  : Authentication Validation is in progress
2024-06-11T19:33:39.314Z  INFO 56431 --- [    Test worker] o.apache.catalina.core.StandardService   : Stopping service [Tomcat]
2024-06-11T19:33:39.326Z  INFO 56431 --- [    Test worker] j.LocalContainerEntityManagerFactoryBean : Closing JPA EntityManagerFactory for persistence unit 'default'
2024-06-11T19:33:39.327Z  INFO 56431 --- [    Test worker] .SchemaDropperImpl$DelayedDropActionImpl : HHH000477: Starting delayed evictData of schema as part of SessionFactory shut-down'
2024-06-11T19:33:39.330Z  INFO 56431 --- [    Test worker] com.zaxxer.hikari.HikariDataSource       : HikariPool-15 - Shutdown initiated...
2024-06-11T19:33:39.340Z  INFO 56431 --- [    Test worker] com.zaxxer.hikari.HikariDataSource       : HikariPool-15 - Shutdown completed.

  .   ____          _            __ _ _
 /\\ / ___'_ __ _ _(_)_ __  __ _ \ \ \ \
( ( )\___ | '_ | '_| | '_ \/ _` | \ \ \ \
 \\/  ___)| |_)| | | | | || (_| |  ) ) ) )
  '  |____| .__|_| |_|_| |_\__, | / / / /
 =========|_|==============|___/=/_/_/_/
 :: Spring Boot ::                (v3.0.5)

2024-06-11T19:33:39.401Z  INFO 56431 --- [    Test worker] .C.ShoppingCartControllerIntegrationTest : Starting ShoppingCartControllerIntegrationTest using Java 17.0.11 with PID 56431 (started by root in /root/backend/movieDL_backend)
2024-06-11T19:33:39.401Z  INFO 56431 --- [    Test worker] .C.ShoppingCartControllerIntegrationTest : No active profile set, falling back to 1 default profile: "default"
2024-06-11T19:33:39.719Z  INFO 56431 --- [    Test worker] .s.d.r.c.RepositoryConfigurationDelegate : Multiple Spring Data modules found, entering strict repository configuration mode
2024-06-11T19:33:39.725Z  INFO 56431 --- [    Test worker] .s.d.r.c.RepositoryConfigurationDelegate : Bootstrapping Spring Data JDBC repositories in DEFAULT mode.
2024-06-11T19:33:39.734Z  INFO 56431 --- [    Test worker] .RepositoryConfigurationExtensionSupport : Spring Data JDBC - Could not safely identify store assignment for repository candidate interface com.liftoff.ecommerce.Repositories.CompletedOrderRepository; If you want this repository to be a JDBC repository, consider annotating your entities with one of these annotations: org.springframework.data.relational.core.mapping.Table.
2024-06-11T19:33:39.734Z  INFO 56431 --- [    Test worker] .RepositoryConfigurationExtensionSupport : Spring Data JDBC - Could not safely identify store assignment for repository candidate interface com.liftoff.ecommerce.Repositories.CompletedOrderedItemRepository; If you want this repository to be a JDBC repository, consider annotating your entities with one of these annotations: org.springframework.data.relational.core.mapping.Table.
2024-06-11T19:33:39.734Z  INFO 56431 --- [    Test worker] .RepositoryConfigurationExtensionSupport : Spring Data JDBC - Could not safely identify store assignment for repository candidate interface com.liftoff.ecommerce.Repositories.CustomerRepository; If you want this repository to be a JDBC repository, consider annotating your entities with one of these annotations: org.springframework.data.relational.core.mapping.Table.
2024-06-11T19:33:39.735Z  INFO 56431 --- [    Test worker] .RepositoryConfigurationExtensionSupport : Spring Data JDBC - Could not safely identify store assignment for repository candidate interface com.liftoff.ecommerce.Repositories.GenreRepository; If you want this repository to be a JDBC repository, consider annotating your entities with one of these annotations: org.springframework.data.relational.core.mapping.Table.
2024-06-11T19:33:39.735Z  INFO 56431 --- [    Test worker] .RepositoryConfigurationExtensionSupport : Spring Data JDBC - Could not safely identify store assignment for repository candidate interface com.liftoff.ecommerce.Repositories.MovieRepository; If you want this repository to be a JDBC repository, consider annotating your entities with one of these annotations: org.springframework.data.relational.core.mapping.Table.
2024-06-11T19:33:39.735Z  INFO 56431 --- [    Test worker] .RepositoryConfigurationExtensionSupport : Spring Data JDBC - Could not safely identify store assignment for repository candidate interface com.liftoff.ecommerce.Repositories.ShoppingCartRepository; If you want this repository to be a JDBC repository, consider annotating your entities with one of these annotations: org.springframework.data.relational.core.mapping.Table.
2024-06-11T19:33:39.738Z  INFO 56431 --- [    Test worker] .s.d.r.c.RepositoryConfigurationDelegate : Finished Spring Data repository scanning in 12 ms. Found 0 JDBC repository interfaces.
2024-06-11T19:33:39.742Z  INFO 56431 --- [    Test worker] .s.d.r.c.RepositoryConfigurationDelegate : Multiple Spring Data modules found, entering strict repository configuration mode
2024-06-11T19:33:39.750Z  INFO 56431 --- [    Test worker] .s.d.r.c.RepositoryConfigurationDelegate : Bootstrapping Spring Data JPA repositories in DEFAULT mode.
2024-06-11T19:33:39.767Z  INFO 56431 --- [    Test worker] .s.d.r.c.RepositoryConfigurationDelegate : Finished Spring Data repository scanning in 15 ms. Found 6 JPA repository interfaces.
2024-06-11T19:33:39.964Z  INFO 56431 --- [    Test worker] o.s.b.w.embedded.tomcat.TomcatWebServer  : Tomcat initialized with port(s): 0 (http)
2024-06-11T19:33:39.965Z  INFO 56431 --- [    Test worker] o.apache.catalina.core.StandardService   : Starting service [Tomcat]
2024-06-11T19:33:39.966Z  INFO 56431 --- [    Test worker] o.apache.catalina.core.StandardEngine    : Starting Servlet engine: [Apache Tomcat/10.1.7]
2024-06-11T19:33:39.989Z  INFO 56431 --- [    Test worker] o.a.c.c.C.[Tomcat].[localhost].[/]       : Initializing Spring embedded WebApplicationContext
2024-06-11T19:33:39.994Z  INFO 56431 --- [    Test worker] w.s.c.ServletWebServerApplicationContext : Root WebApplicationContext: initialization completed in 591 ms
2024-06-11T19:33:40.004Z  INFO 56431 --- [    Test worker] com.zaxxer.hikari.HikariDataSource       : HikariPool-16 - Starting...
2024-06-11T19:33:40.013Z  INFO 56431 --- [    Test worker] com.zaxxer.hikari.pool.HikariPool        : HikariPool-16 - Added connection conn150: url=jdbc:h2:mem:testdb user=SA
2024-06-11T19:33:40.014Z  INFO 56431 --- [    Test worker] com.zaxxer.hikari.HikariDataSource       : HikariPool-16 - Start completed.
2024-06-11T19:33:40.015Z  INFO 56431 --- [    Test worker] o.s.b.a.h2.H2ConsoleAutoConfiguration    : H2 console available at '/h2-console'. Database available at 'jdbc:h2:mem:testdb'
2024-06-11T19:33:40.097Z  INFO 56431 --- [    Test worker] o.hibernate.jpa.internal.util.LogHelper  : HHH000204: Processing PersistenceUnitInfo [name: default]
2024-06-11T19:33:40.132Z  INFO 56431 --- [    Test worker] SQL dialect                              : HHH000400: Using dialect: org.hibernate.dialect.H2Dialect
2024-06-11T19:33:40.461Z  INFO 56431 --- [    Test worker] o.h.e.t.j.p.i.JtaPlatformInitiator       : HHH000490: Using JtaPlatform implementation: [org.hibernate.engine.transaction.jta.platform.internal.NoJtaPlatform]
2024-06-11T19:33:40.466Z  INFO 56431 --- [    Test worker] j.LocalContainerEntityManagerFactoryBean : Initialized JPA EntityManagerFactory for persistence unit 'default'
2024-06-11T19:33:40.694Z  WARN 56431 --- [    Test worker] JpaBaseConfiguration$JpaWebConfiguration : spring.jpa.open-in-view is enabled by default. Therefore, database queries may be performed during view rendering. Explicitly configure spring.jpa.open-in-view to disable this warning
2024-06-11T19:33:40.897Z  INFO 56431 --- [    Test worker] o.s.s.web.DefaultSecurityFilterChain     : Will secure any request with [org.springframework.security.web.session.DisableEncodeUrlFilter@19a7dce6, org.springframework.security.web.context.request.async.WebAsyncManagerIntegrationFilter@6c47ba36, org.springframework.security.web.context.SecurityContextHolderFilter@10d2c1e, org.springframework.security.web.header.HeaderWriterFilter@5df53d18, org.springframework.web.filter.CorsFilter@8d76f15, org.springframework.security.web.authentication.logout.LogoutFilter@4b4e6809, org.springframework.security.web.authentication.UsernamePasswordAuthenticationFilter@40d49407, org.springframework.security.web.authentication.ui.DefaultLoginPageGeneratingFilter@56f58a5c, org.springframework.security.web.authentication.ui.DefaultLogoutPageGeneratingFilter@65c99f29, com.liftoff.ecommerce.filter.JWTTokenValidatorFilter@422e3f9a, com.liftoff.ecommerce.filter.AuthoritiesLoggingAtFilter@13e9bbe3, org.springframework.security.web.authentication.www.BasicAuthenticationFilter@7862b234, com.liftoff.ecommerce.filter.AuthoritiesLoggingAfterFilter@2075c14c, com.liftoff.ecommerce.filter.JWTTokenGeneratorFilter@96c32bc, org.springframework.security.web.savedrequest.RequestCacheAwareFilter@69e38502, org.springframework.security.web.servletapi.SecurityContextHolderAwareRequestFilter@1d0a68db, org.springframework.security.web.authentication.AnonymousAuthenticationFilter@3a0d1ee4, org.springframework.security.web.session.SessionManagementFilter@315f5d63, org.springframework.security.web.access.ExceptionTranslationFilter@1d7ebf12, org.springframework.security.web.access.intercept.AuthorizationFilter@7f114084]
2024-06-11T19:33:40.904Z  WARN 56431 --- [    Test worker] o.s.s.c.a.web.builders.WebSecurity       : 

********************************************************************
**********        Security debugging is enabled.       *************
**********    This may include sensitive information.  *************
**********      Do not use in a production system!     *************
********************************************************************


[...]
2024-06-11T19:33:47.554Z  INFO 56431 --- [    Test worker] .s.d.r.c.RepositoryConfigurationDelegate : Finished Spring Data repository scanning in 25 ms. Found 0 JDBC repository interfaces.
2024-06-11T19:33:47.561Z  INFO 56431 --- [    Test worker] .s.d.r.c.RepositoryConfigurationDelegate : Multiple Spring Data modules found, entering strict repository configuration mode
2024-06-11T19:33:47.562Z  INFO 56431 --- [    Test worker] .s.d.r.c.RepositoryConfigurationDelegate : Bootstrapping Spring Data JPA repositories in DEFAULT mode.
2024-06-11T19:33:47.588Z  INFO 56431 --- [    Test worker] .s.d.r.c.RepositoryConfigurationDelegate : Finished Spring Data repository scanning in 25 ms. Found 6 JPA repository interfaces.
2024-06-11T19:33:47.846Z  INFO 56431 --- [    Test worker] o.s.b.w.embedded.tomcat.TomcatWebServer  : Tomcat initialized with port(s): 0 (http)
2024-06-11T19:33:47.851Z  INFO 56431 --- [    Test worker] o.apache.catalina.core.StandardService   : Starting service [Tomcat]
2024-06-11T19:33:47.852Z  INFO 56431 --- [    Test worker] o.apache.catalina.core.StandardEngine    : Starting Servlet engine: [Apache Tomcat/10.1.7]
2024-06-11T19:33:47.903Z  INFO 56431 --- [    Test worker] o.a.c.c.C.[Tomcat].[localhost].[/]       : Initializing Spring embedded WebApplicationContext
2024-06-11T19:33:47.903Z  INFO 56431 --- [    Test worker] w.s.c.ServletWebServerApplicationContext : Root WebApplicationContext: initialization completed in 859 ms
2024-06-11T19:33:47.916Z  INFO 56431 --- [    Test worker] com.zaxxer.hikari.HikariDataSource       : HikariPool-20 - Starting...
2024-06-11T19:33:47.922Z  INFO 56431 --- [    Test worker] com.zaxxer.hikari.pool.HikariPool        : HikariPool-20 - Added connection conn190: url=jdbc:h2:mem:testdb user=SA
2024-06-11T19:33:47.922Z  INFO 56431 --- [    Test worker] com.zaxxer.hikari.HikariDataSource       : HikariPool-20 - Start completed.
2024-06-11T19:33:47.923Z  INFO 56431 --- [    Test worker] o.s.b.a.h2.H2ConsoleAutoConfiguration    : H2 console available at '/h2-console'. Database available at 'jdbc:h2:mem:testdb'
2024-06-11T19:33:48.026Z  INFO 56431 --- [    Test worker] o.hibernate.jpa.internal.util.LogHelper  : HHH000204: Processing PersistenceUnitInfo [name: default]
2024-06-11T19:33:48.046Z  INFO 56431 --- [    Test worker] SQL dialect                              : HHH000400: Using dialect: org.hibernate.dialect.H2Dialect
2024-06-11T19:33:48.725Z  INFO 56431 --- [    Test worker] o.h.e.t.j.p.i.JtaPlatformInitiator       : HHH000490: Using JtaPlatform implementation: [org.hibernate.engine.transaction.jta.platform.internal.NoJtaPlatform]
2024-06-11T19:33:48.725Z  INFO 56431 --- [    Test worker] j.LocalContainerEntityManagerFactoryBean : Initialized JPA EntityManagerFactory for persistence unit 'default'
2024-06-11T19:33:48.951Z  WARN 56431 --- [    Test worker] JpaBaseConfiguration$JpaWebConfiguration : spring.jpa.open-in-view is enabled by default. Therefore, database queries may be performed during view rendering. Explicitly configure spring.jpa.open-in-view to disable this warning
2024-06-11T19:33:49.205Z  INFO 56431 --- [    Test worker] o.s.s.web.DefaultSecurityFilterChain     : Will secure any request with [org.springframework.security.web.session.DisableEncodeUrlFilter@37869db4, org.springframework.security.web.context.request.async.WebAsyncManagerIntegrationFilter@21dc3c73, org.springframework.security.web.context.SecurityContextHolderFilter@434f7247, org.springframework.security.web.header.HeaderWriterFilter@39ad84f3, org.springframework.web.filter.CorsFilter@fb25612, org.springframework.security.web.authentication.logout.LogoutFilter@376b7b70, org.springframework.security.web.authentication.UsernamePasswordAuthenticationFilter@12379ee4, org.springframework.security.web.authentication.ui.DefaultLoginPageGeneratingFilter@17d275ad, org.springframework.security.web.authentication.ui.DefaultLogoutPageGeneratingFilter@2fc09a52, com.liftoff.ecommerce.filter.JWTTokenValidatorFilter@2c28c923, com.liftoff.ecommerce.filter.AuthoritiesLoggingAtFilter@6c574771, org.springframework.security.web.authentication.www.BasicAuthenticationFilter@7eebd729, com.liftoff.ecommerce.filter.AuthoritiesLoggingAfterFilter@71c89e2f, com.liftoff.ecommerce.filter.JWTTokenGeneratorFilter@5af1884e, org.springframework.security.web.savedrequest.RequestCacheAwareFilter@1f10fa96, org.springframework.security.web.servletapi.SecurityContextHolderAwareRequestFilter@4acf7f9b, org.springframework.security.web.authentication.AnonymousAuthenticationFilter@307a33e2, org.springframework.security.web.session.SessionManagementFilter@10d9b33c, org.springframework.security.web.access.ExceptionTranslationFilter@a5acb2b, org.springframework.security.web.access.intercept.AuthorizationFilter@2929bcc]
2024-06-11T19:33:49.216Z  WARN 56431 --- [    Test worker] o.s.s.c.a.web.builders.WebSecurity       : 

********************************************************************
**********        Security debugging is enabled.       *************
**********    This may include sensitive information.  *************
**********      Do not use in a production system!     *************
********************************************************************


2024-06-11T19:33:49.589Z  INFO 56431 --- [    Test worker] o.a.c.c.C.[Tomcat].[localhost].[/]       : Initializing Spring TestDispatcherServlet ''
2024-06-11T19:33:49.590Z  INFO 56431 --- [    Test worker] o.s.t.web.servlet.TestDispatcherServlet  : Initializing Servlet ''
2024-06-11T19:33:49.592Z  INFO 56431 --- [    Test worker] o.s.t.web.servlet.TestDispatcherServlet  : Completed initialization in 2 ms
2024-06-11T19:33:49.737Z  INFO 56431 --- [    Test worker] o.s.b.w.embedded.tomcat.TomcatWebServer  : Tomcat started on port(s): 33739 (http) with context path ''
2024-06-11T19:33:49.746Z  INFO 56431 --- [    Test worker] .C.ShoppingCartControllerIntegrationTest : Started ShoppingCartControllerIntegrationTest in 2.741 seconds (process running for 113.504)
2024-06-11T19:33:50.009Z  INFO 56431 --- [    Test worker] Spring Security Debugger                 : 

************************************************************

Request received for PUT '/cart/edit/john@example.com':

org.springframework.mock.web.MockHttpServletRequest@d3f86da

servletPath:
pathInfo:/cart/edit/john@example.com
headers: 
Content-Type: application/json;charset=UTF-8
Accept: application/json
Content-Length: 74


Security filter chain: [
  DisableEncodeUrlFilter
  WebAsyncManagerIntegrationFilter
  SecurityContextHolderFilter
  HeaderWriterFilter
  CorsFilter
  LogoutFilter
  UsernamePasswordAuthenticationFilter
  DefaultLoginPageGeneratingFilter
  DefaultLogoutPageGeneratingFilter
  JWTTokenValidatorFilter
  AuthoritiesLoggingAtFilter
  BasicAuthenticationFilter
  AuthoritiesLoggingAfterFilter
  JWTTokenGeneratorFilter
  RequestCacheAwareFilter
  SecurityContextHolderAwareRequestFilter
  AnonymousAuthenticationFilter
  SessionManagementFilter
  ExceptionTranslationFilter
  AuthorizationFilter
]


************************************************************


2024-06-11T19:33:50.011Z  INFO 56431 --- [    Test worker] c.l.e.filter.AuthoritiesLoggingAtFilter  : Authentication Validation is in progress
2024-06-11T19:33:50.316Z  INFO 56431 --- [    Test worker] o.apache.catalina.core.StandardService   : Stopping service [Tomcat]
2024-06-11T19:33:50.334Z  INFO 56431 --- [    Test worker] j.LocalContainerEntityManagerFactoryBean : Closing JPA EntityManagerFactory for persistence unit 'default'
2024-06-11T19:33:50.336Z  INFO 56431 --- [    Test worker] .SchemaDropperImpl$DelayedDropActionImpl : HHH000477: Starting delayed evictData of schema as part of SessionFactory shut-down'
2024-06-11T19:33:50.352Z  INFO 56431 --- [    Test worker] com.zaxxer.hikari.HikariDataSource       : HikariPool-20 - Shutdown initiated...
2024-06-11T19:33:50.381Z  INFO 56431 --- [    Test worker] com.zaxxer.hikari.HikariDataSource       : HikariPool-20 - Shutdown completed.

  .   ____          _            __ _ _
 /\\ / ___'_ __ _ _(_)_ __  __ _ \ \ \ \
( ( )\___ | '_ | '_| | '_ \/ _` | \ \ \ \
 \\/  ___)| |_)| | | | | || (_| |  ) ) ) )
  '  |____| .__|_| |_|_| |_\__, | / / / /
 =========|_|==============|___/=/_/_/_/
 :: Spring Boot ::                (v3.0.5)

2024-06-11T19:33:50.488Z  INFO 56431 --- [    Test worker] .C.ShoppingCartControllerIntegrationTest : Starting ShoppingCartControllerIntegrationTest using Java 17.0.11 with PID 56431 (started by root in /root/backend/movieDL_backend)
2024-06-11T19:33:50.489Z  INFO 56431 --- [    Test worker] .C.ShoppingCartControllerIntegrationTest : No active profile set, falling back to 1 default profile: "default"
2024-06-11T19:33:51.468Z  INFO 56431 --- [    Test worker] .s.d.r.c.RepositoryConfigurationDelegate : Multiple Spring Data modules found, entering strict repository configuration mode
2024-06-11T19:33:51.473Z  INFO 56431 --- [    Test worker] .s.d.r.c.RepositoryConfigurationDelegate : Bootstrapping Spring Data JDBC repositories in DEFAULT mode.
2024-06-11T19:33:51.512Z  INFO 56431 --- [    Test worker] .RepositoryConfigurationExtensionSupport : Spring Data JDBC - Could not safely identify store assignment for repository candidate interface com.liftoff.ecommerce.Repositories.CompletedOrderRepository; If you want this repository to be a JDBC repository, consider annotating your entities with one of these annotations: org.springframework.data.relational.core.mapping.Table.
2024-06-11T19:33:51.513Z  INFO 56431 --- [    Test worker] .RepositoryConfigurationExtensionSupport : Spring Data JDBC - Could not safely identify store assignment for repository candidate interface com.liftoff.ecommerce.Repositories.CompletedOrderedItemRepository; If you want this repository to be a JDBC repository, consider annotating your entities with one of these annotations: org.springframework.data.relational.core.mapping.Table.
2024-06-11T19:33:51.514Z  INFO 56431 --- [    Test worker] .RepositoryConfigurationExtensionSupport : Spring Data JDBC - Could not safely identify store assignment for repository candidate interface com.liftoff.ecommerce.Repositories.CustomerRepository; If you want this repository to be a JDBC repository, consider annotating your entities with one of these annotations: org.springframework.data.relational.core.mapping.Table.
2024-06-11T19:33:51.515Z  INFO 56431 --- [    Test worker] .RepositoryConfigurationExtensionSupport : Spring Data JDBC - Could not safely identify store assignment for repository candidate interface com.liftoff.ecommerce.Repositories.GenreRepository; If you want this repository to be a JDBC repository, consider annotating your entities with one of these annotations: org.springframework.data.relational.core.mapping.Table.
2024-06-11T19:33:51.518Z  INFO 56431 --- [    Test worker] .RepositoryConfigurationExtensionSupport : Spring Data JDBC - Could not safely identify store assignment for repository candidate interface com.liftoff.ecommerce.Repositories.MovieRepository; If you want this repository to be a JDBC repository, consider annotating your entities with one of these annotations: org.springframework.data.relational.core.mapping.Table.
2024-06-11T19:33:51.519Z  INFO 56431 --- [    Test worker] .RepositoryConfigurationExtensionSupport : Spring Data JDBC - Could not safely identify store assignment for repository candidate interface com.liftoff.ecommerce.Repositories.ShoppingCartRepository; If you want this repository to be a JDBC repository, consider annotating your entities with one of these annotations: org.springframework.data.relational.core.mapping.Table.
2024-06-11T19:33:51.519Z  INFO 56431 --- [    Test worker] .s.d.r.c.RepositoryConfigurationDelegate : Finished Spring Data repository scanning in 45 ms. Found 0 JDBC repository interfaces.
2024-06-11T19:33:51.532Z  INFO 56431 --- [    Test worker] .s.d.r.c.RepositoryConfigurationDelegate : Multiple Spring Data modules found, entering strict repository configuration mode
2024-06-11T19:33:51.533Z  INFO 56431 --- [    Test worker] .s.d.r.c.RepositoryConfigurationDelegate : Bootstrapping Spring Data JPA repositories in DEFAULT mode.
2024-06-11T19:33:51.640Z  INFO 56431 --- [    Test worker] .s.d.r.c.RepositoryConfigurationDelegate : Finished Spring Data repository scanning in 106 ms. Found 6 JPA repository interfaces.
2024-06-11T19:33:52.110Z  INFO 56431 --- [    Test worker] o.s.b.w.embedded.tomcat.TomcatWebServer  : Tomcat initialized with port(s): 0 (http)
2024-06-11T19:33:52.118Z  INFO 56431 --- [    Test worker] o.apache.catalina.core.StandardService   : Starting service [Tomcat]
2024-06-11T19:33:52.122Z  INFO 56431 --- [    Test worker] o.apache.catalina.core.StandardEngine    : Starting Servlet engine: [Apache Tomcat/10.1.7]
2024-06-11T19:33:52.247Z  INFO 56431 --- [    Test worker] o.a.c.c.C.[Tomcat].[localhost].[/]       : Initializing Spring embedded WebApplicationContext
2024-06-11T19:33:52.248Z  INFO 56431 --- [    Test worker] w.s.c.ServletWebServerApplicationContext : Root WebApplicationContext: initialization completed in 1722 ms
2024-06-11T19:33:52.265Z  INFO 56431 --- [    Test worker] com.zaxxer.hikari.HikariDataSource       : HikariPool-21 - Starting...
2024-06-11T19:33:52.283Z  INFO 56431 --- [    Test worker] com.zaxxer.hikari.pool.HikariPool        : HikariPool-21 - Added connection conn200: url=jdbc:h2:mem:testdb user=SA
2024-06-11T19:33:52.284Z  INFO 56431 --- [    Test worker] com.zaxxer.hikari.HikariDataSource       : HikariPool-21 - Start completed.
2024-06-11T19:33:52.284Z  INFO 56431 --- [    Test worker] o.s.b.a.h2.H2ConsoleAutoConfiguration    : H2 console available at '/h2-console'. Database available at 'jdbc:h2:mem:testdb'
2024-06-11T19:33:52.504Z  INFO 56431 --- [    Test worker] o.hibernate.jpa.internal.util.LogHelper  : HHH000204: Processing PersistenceUnitInfo [name: default]
2024-06-11T19:33:52.519Z  INFO 56431 --- [    Test worker] SQL dialect                              : HHH000400: Using dialect: org.hibernate.dialect.H2Dialect
2024-06-11T19:33:53.331Z  INFO 56431 --- [    Test worker] o.h.e.t.j.p.i.JtaPlatformInitiator       : HHH000490: Using JtaPlatform implementation: [org.hibernate.engine.transaction.jta.platform.internal.NoJtaPlatform]
2024-06-11T19:33:53.332Z  INFO 56431 --- [    Test worker] j.LocalContainerEntityManagerFactoryBean : Initialized JPA EntityManagerFactory for persistence unit 'default'
2024-06-11T19:33:54.018Z  WARN 56431 --- [    Test worker] JpaBaseConfiguration$JpaWebConfiguration : spring.jpa.open-in-view is enabled by default. Therefore, database queries may be performed during view rendering. Explicitly configure spring.jpa.open-in-view to disable this warning
2024-06-11T19:33:54.429Z  INFO 56431 --- [    Test worker] o.s.s.web.DefaultSecurityFilterChain     : Will secure any request with [org.springframework.security.web.session.DisableEncodeUrlFilter@a96f61b, org.springframework.security.web.context.request.async.WebAsyncManagerIntegrationFilter@47b0cd2a, org.springframework.security.web.context.SecurityContextHolderFilter@4da040b6, org.springframework.security.web.header.HeaderWriterFilter@6ce17052, org.springframework.web.filter.CorsFilter@7636ffae, org.springframework.security.web.authentication.logout.LogoutFilter@7adf00e9, org.springframework.security.web.authentication.UsernamePasswordAuthenticationFilter@521c656f, org.springframework.security.web.authentication.ui.DefaultLoginPageGeneratingFilter@433a695c, org.springframework.security.web.authentication.ui.DefaultLogoutPageGeneratingFilter@116bdc72, com.liftoff.ecommerce.filter.JWTTokenValidatorFilter@2c70c66a, com.liftoff.ecommerce.filter.AuthoritiesLoggingAtFilter@6de89753, org.springframework.security.web.authentication.www.BasicAuthenticationFilter@5046ff8d, com.liftoff.ecommerce.filter.AuthoritiesLoggingAfterFilter@2ce2cecf, com.liftoff.ecommerce.filter.JWTTokenGeneratorFilter@63a50f6d, org.springframework.security.web.savedrequest.RequestCacheAwareFilter@81fdcc2, org.springframework.security.web.servletapi.SecurityContextHolderAwareRequestFilter@6f9b5e73, org.springframework.security.web.authentication.AnonymousAuthenticationFilter@49ccc6e5, org.springframework.security.web.session.SessionManagementFilter@1f767f7b, org.springframework.security.web.access.ExceptionTranslationFilter@7d4717af, org.springframework.security.web.access.intercept.AuthorizationFilter@5fe25122]
2024-06-11T19:33:54.440Z  WARN 56431 --- [    Test worker] o.s.s.c.a.web.builders.WebSecurity       : 

********************************************************************
**********        Security debugging is enabled.       *************
**********    This may include sensitive information.  *************
**********      Do not use in a production system!     *************
********************************************************************


2024-06-11T19:33:54.951Z  INFO 56431 --- [    Test worker] o.a.c.c.C.[Tomcat].[localhost].[/]       : Initializing Spring TestDispatcherServlet ''
2024-06-11T19:33:54.951Z  INFO 56431 --- [    Test worker] o.s.t.web.servlet.TestDispatcherServlet  : Initializing Servlet ''
2024-06-11T19:33:54.953Z  INFO 56431 --- [    Test worker] o.s.t.web.servlet.TestDispatcherServlet  : Completed initialization in 2 ms
2024-06-11T19:33:55.155Z  INFO 56431 --- [    Test worker] o.s.b.w.embedded.tomcat.TomcatWebServer  : Tomcat started on port(s): 38283 (http) with context path ''
2024-06-11T19:33:55.234Z  INFO 56431 --- [    Test worker] .C.ShoppingCartControllerIntegrationTest : Started ShoppingCartControllerIntegrationTest in 4.805 seconds (process running for 118.992)
2024-06-11T19:33:55.707Z  INFO 56431 --- [    Test worker] Spring Security Debugger                 : 

************************************************************

Request received for DELETE '/cart/delete/john@example.com':

org.springframework.mock.web.MockHttpServletRequest@3c5b314c

servletPath:
pathInfo:/cart/delete/john@example.com
headers: 
Content-Type: application/json;charset=UTF-8
Accept: application/json
Content-Length: 74


Security filter chain: [
  DisableEncodeUrlFilter
  WebAsyncManagerIntegrationFilter
  SecurityContextHolderFilter
  HeaderWriterFilter
  CorsFilter
  LogoutFilter
  UsernamePasswordAuthenticationFilter
  DefaultLoginPageGeneratingFilter
  DefaultLogoutPageGeneratingFilter
  JWTTokenValidatorFilter
  AuthoritiesLoggingAtFilter
  BasicAuthenticationFilter
  AuthoritiesLoggingAfterFilter
  JWTTokenGeneratorFilter
  RequestCacheAwareFilter
  SecurityContextHolderAwareRequestFilter
  AnonymousAuthenticationFilter
  SessionManagementFilter
  ExceptionTranslationFilter
  AuthorizationFilter
]


************************************************************


2024-06-11T19:33:55.711Z  INFO 56431 --- [    Test worker] c.l.e.filter.AuthoritiesLoggingAtFilter  : Authentication Validation is in progress
2024-06-11T19:33:56.030Z  INFO 56431 --- [    Test worker] o.apache.catalina.core.StandardService   : Stopping service [Tomcat]
2024-06-11T19:33:56.075Z  INFO 56431 --- [    Test worker] j.LocalContainerEntityManagerFactoryBean : Closing JPA EntityManagerFactory for persistence unit 'default'
2024-06-11T19:33:56.077Z  INFO 56431 --- [    Test worker] .SchemaDropperImpl$DelayedDropActionImpl : HHH000477: Starting delayed evictData of schema as part of SessionFactory shut-down'
2024-06-11T19:33:56.094Z  INFO 56431 --- [    Test worker] com.zaxxer.hikari.HikariDataSource       : HikariPool-21 - Shutdown initiated...
2024-06-11T19:33:56.108Z  INFO 56431 --- [    Test worker] com.zaxxer.hikari.HikariDataSource       : HikariPool-21 - Shutdown completed.
]]></system-out>
  <system-err><![CDATA[]]></system-err>
</testsuite>
